<?xml version="1.0" encoding="UTF-8"?>
<testsuite xmlns:xsi="http://www.w3.org/2001/XMLSchema-instance" xsi:noNamespaceSchemaLocation="https://maven.apache.org/surefire/maven-failsafe-plugin/xsd/failsafe-test-report-3.0.xsd" version="3.0" name="CucumberTestSuite" time="30.145" tests="2" errors="0" skipped="0" failures="0">
  <properties>
[...]
</properties>
  <testcase name="tiket pesawat with jumlah penumpang #1" classname="Tiket Pesawat" time="17.523">
    <system-out><![CDATA[13:34:46.462 [main] INFO io.cucumber.core.plugin.SerenityReporter - Running feature from file:///C:/Users/alwi/IdeaProjects/belajar/src/test/resources/features/TiketPesawat.feature
13:34:46.714 [main] INFO  - 

-------------------------------------------------------------------------------------
     _______. _______ .______       _______ .__   __.  __  .___________.____    ____ 
    /       ||   ____||   _  \     |   ____||  \ |  | |  | |           |\   \  /   / 
   |   (----`|  |__   |  |_)  |    |  |__   |   \|  | |  | `---|  |----` \   \/   /  
    \   \    |   __|  |      /     |   __|  |  . `  | |  |     |  |       \_    _/   
.----)   |   |  |____ |  |\  \----.|  |____ |  |\   | |  |     |  |         |  |     
|_______/    |_______|| _| `._____||_______||__| \__| |__|     |__|         |__|    
                                                                                     
 News and tutorials at http://www.serenity-bdd.info                                  
 Documentation at https://wakaleo.gitbooks.io/the-serenity-book/content/             
 Join the Serenity Community on Gitter: https://gitter.im/serenity-bdd/serenity-core 
 Serenity BDD Support and Training at http://serenity-bdd.info/#/trainingandsupport  
-------------------------------------------------------------------------------------

13:34:46.718 [main] DEBUG net.thucydides.core.steps.StepEventBus - Test suite started for story net.thucydides.core.model.Story@31b96f8b
13:34:46.722 [main] INFO  - Test Suite Started: Tiket Pesawat
13:34:46.742 [main] INFO io.cucumber.core.plugin.SerenityReporter - Running feature from file:///C:/Users/alwi/IdeaProjects/belajar/src/test/resources/features/TiketPesawat.feature
13:34:46.747 [main] DEBUG net.thucydides.core.steps.StepEventBus - Test suite started for story net.thucydides.core.model.Story@31b96f8b
13:34:46.748 [main] INFO  - Test Suite Started: Tiket Pesawat

Scenario Outline: tiket pesawat with jumlah penumpang &amp#27;[90m# src/test/resources/features/TiketPesawat.feature:13&amp#27;[0m
13:34:46.875 [main] INFO io.cucumber.core.plugin.SerenityReporter - Running feature from file:///C:/Users/alwi/IdeaProjects/belajar/src/test/resources/features/TiketPesawat.feature
13:34:47.006 [main] INFO  - 
  _____   ___   ___   _____     ___   _____     _     ___   _____   ___   ___  
 |_   _| | __| / __| |_   _|   / __| |_   _|   /_\   | _ \ |_   _| | __| |   \ 
   | |   | _|  \__ \   | |     \__ \   | |    / _ \  |   /   | |   | _|  | |) |
   |_|   |___| |___/   |_|     |___/   |_|   /_/ \_\ |_|_\   |_|   |___| |___/ 

tiket pesawat with jumlah penumpang(tiket-pesawat;tiket-pesawat-with-jumlah-penumpang)
--------------------------------------------------------------------------------
13:34:47.996 [main] INFO net.serenitybdd.core.webdriver.driverproviders.ChromeDriverProvider - Using automatically driver download
13:34:48.950 [main] DEBUG io.github.bonigarcia.wdm.cache.ResolutionCache - Resolution chrome=107 in cache (valid until 13:35:17 02/12/2022 WIB)
13:34:48.960 [main] DEBUG io.github.bonigarcia.wdm.cache.ResolutionCache - Resolution chrome107=107.0.5304.62 in cache (valid until 23:12:59 02/12/2022 WIB)
13:34:48.965 [main] INFO io.github.bonigarcia.wdm.WebDriverManager - Using chromedriver 107.0.5304.62 (resolved driver for Chrome 107)
13:34:48.988 [main] DEBUG io.github.bonigarcia.wdm.WebDriverManager - Driver chromedriver 107.0.5304.62 found in cache
13:34:48.989 [main] INFO io.github.bonigarcia.wdm.WebDriverManager - Exporting webdriver.chrome.driver as C:\Users\alwi\.cache\selenium\chromedriver\win32\107.0.5304.62\chromedriver.exe
13:34:49.846 [main] DEBUG net.thucydides.core.reflection.ClassFinder - Could not load class .CucumberTestSuite
13:34:49.846 [main] DEBUG net.thucydides.core.reflection.ClassFinder - Could not load class .starter.pages.TiketPesawatPage
13:34:49.846 [main] DEBUG net.thucydides.core.reflection.ClassFinder - Could not load class .starter.stepdefinitions.TiketPesawatStep
13:34:49.847 [main] DEBUG net.thucydides.core.reflection.ClassFinder - Could not load class META-INF.versions.9.com.sun.istack.logging.StackHelper
13:34:49.847 [main] DEBUG net.thucydides.core.reflection.ClassFinder - Could not load class META-INF.versions.9.com.sun.xml.bind.v2.runtime.reflect.opt.AccessorInjector
13:34:49.848 [main] DEBUG net.thucydides.core.reflection.ClassFinder - Could not load class META-INF.versions.9.com.sun.xml.bind.v2.runtime.reflect.opt.Injector
13:34:49.848 [main] DEBUG net.thucydides.core.reflection.ClassFinder - Could not load class META-INF.versions.9.com.sun.xml.bind.v2.runtime.reflect.opt.OptimizedAccessorFactory
13:34:49.848 [main] DEBUG net.thucydides.core.reflection.ClassFinder - Could not load class META-INF.versions.9.com.sun.xml.bind.v2.runtime.reflect.opt.OptimizedTransducedAccessorFactory
13:34:49.849 [main] DEBUG net.thucydides.core.reflection.ClassFinder - Could not load class META-INF.versions.9.io.opentelemetry.sdk.internal.CurrentJavaVersionSpecific
13:34:49.849 [main] DEBUG net.thucydides.core.reflection.ClassFinder - Could not load class META-INF.versions.9.io.opentelemetry.sdk.internal.Java9VersionSpecific
13:34:49.849 [main] DEBUG net.thucydides.core.reflection.ClassFinder - Could not load class META-INF.versions.9.javax.xml.bind.ModuleUtil
13:34:49.850 [main] DEBUG net.thucydides.core.reflection.ClassFinder - Could not load class META-INF.versions.9.module-info
13:34:49.850 [main] DEBUG net.thucydides.core.reflection.ClassFinder - Could not load class META-INF.versions.9.org.junit.platform.commons.util.ModuleUtils
13:34:50.240 [main] DEBUG net.thucydides.core.reflection.ClassFinder - Could not load class com.google.gson.internal.
13:34:50.487 [main] DEBUG net.thucydides.core.reflection.ClassFinder - Could not load class com.sun.xml.bind.v2.runtime.output.FastInfosetStreamWriterOutput
13:34:51.033 [main] DEBUG net.thucydides.core.reflection.ClassFinder - Could not load class module-info
13:34:54.674 [main] DEBUG io.netty.util.internal.logging.InternalLoggerFactory - Using SLF4J as the default logging framework
13:34:54.678 [main] DEBUG io.netty.util.ResourceLeakDetector - -Dio.netty.leakDetection.level: simple
13:34:54.679 [main] DEBUG io.netty.util.ResourceLeakDetector - -Dio.netty.leakDetection.targetRecords: 4
13:34:54.684 [main] DEBUG io.netty.util.ResourceLeakDetectorFactory - Loaded default ResourceLeakDetector: io.netty.util.ResourceLeakDetector@462f1d85
13:34:54.709 [main] DEBUG io.netty.util.internal.PlatformDependent0 - -Dio.netty.noUnsafe: false
13:34:54.710 [main] DEBUG io.netty.util.internal.PlatformDependent0 - Java version: 13
13:34:54.711 [main] DEBUG io.netty.util.internal.PlatformDependent0 - sun.misc.Unsafe.theUnsafe: available
13:34:54.712 [main] DEBUG io.netty.util.internal.PlatformDependent0 - sun.misc.Unsafe.copyMemory: available
13:34:54.712 [main] DEBUG io.netty.util.internal.PlatformDependent0 - java.nio.Buffer.address: available
13:34:54.713 [main] DEBUG io.netty.util.internal.PlatformDependent0 - direct buffer constructor: unavailable: Reflective setAccessible(true) disabled
13:34:54.713 [main] DEBUG io.netty.util.internal.PlatformDependent0 - java.nio.Bits.unaligned: available, true
13:34:54.715 [main] DEBUG io.netty.util.internal.PlatformDependent0 - jdk.internal.misc.Unsafe.allocateUninitializedArray(int): unavailable: class io.netty.util.internal.PlatformDependent0$6 cannot access class jdk.internal.misc.Unsafe (in module java.base) because module java.base does not export jdk.internal.misc to unnamed module @702ed190
13:34:54.717 [main] DEBUG io.netty.util.internal.PlatformDependent0 - java.nio.DirectByteBuffer.<init>(long, int): unavailable
13:34:54.717 [main] DEBUG io.netty.util.internal.PlatformDependent - sun.misc.Unsafe: available
13:34:54.719 [main] DEBUG io.netty.util.internal.PlatformDependent - maxDirectMemory: 2141192192 bytes (maybe)
13:34:54.719 [main] DEBUG io.netty.util.internal.PlatformDependent - -Dio.netty.tmpdir: C:\Users\alwi\AppData\Local\Temp (java.io.tmpdir)
13:34:54.719 [main] DEBUG io.netty.util.internal.PlatformDependent - -Dio.netty.bitMode: 64 (sun.arch.data.model)
13:34:54.720 [main] DEBUG io.netty.util.internal.PlatformDependent - Platform: Windows
13:34:54.721 [main] DEBUG io.netty.util.internal.PlatformDependent - -Dio.netty.maxDirectMemory: -1 bytes
13:34:54.721 [main] DEBUG io.netty.util.internal.PlatformDependent - -Dio.netty.uninitializedArrayAllocationThreshold: -1
13:34:54.723 [main] DEBUG io.netty.util.internal.CleanerJava9 - java.nio.ByteBuffer.cleaner(): available
13:34:54.723 [main] DEBUG io.netty.util.internal.PlatformDependent - -Dio.netty.noPreferDirect: false
13:34:54.735 [main] DEBUG io.netty.util.internal.PlatformDependent - org.jctools-core.MpscChunkedArrayQueue: available
13:34:54.760 [main] DEBUG io.netty.util.internal.InternalThreadLocalMap - -Dio.netty.threadLocalMap.stringBuilder.initialSize: 1024
13:34:54.760 [main] DEBUG io.netty.util.internal.InternalThreadLocalMap - -Dio.netty.threadLocalMap.stringBuilder.maxSize: 4096
13:34:54.811 [main] DEBUG io.netty.handler.ssl.JdkSslContext - Default protocols (JDK): [TLSv1.3, TLSv1.2, TLSv1.1, TLSv1] 
13:34:54.812 [main] DEBUG io.netty.handler.ssl.JdkSslContext - Default cipher suites (JDK): [TLS_ECDHE_ECDSA_WITH_AES_256_GCM_SHA384, TLS_ECDHE_ECDSA_WITH_AES_128_GCM_SHA256, TLS_ECDHE_RSA_WITH_AES_128_GCM_SHA256, TLS_ECDHE_RSA_WITH_AES_256_GCM_SHA384, TLS_ECDHE_RSA_WITH_AES_128_CBC_SHA, TLS_ECDHE_RSA_WITH_AES_256_CBC_SHA, TLS_RSA_WITH_AES_128_GCM_SHA256, TLS_RSA_WITH_AES_128_CBC_SHA, TLS_RSA_WITH_AES_256_CBC_SHA, TLS_AES_128_GCM_SHA256, TLS_AES_256_GCM_SHA384]
13:34:54.842 [main] DEBUG io.netty.channel.MultithreadEventLoopGroup - -Dio.netty.eventLoopThreads: 16
13:34:54.854 [main] DEBUG io.netty.channel.nio.NioEventLoop - -Dio.netty.noKeySetOptimization: false
13:34:54.855 [main] DEBUG io.netty.channel.nio.NioEventLoop - -Dio.netty.selectorAutoRebuildThreshold: 512
13:34:55.179 [main] DEBUG io.netty.buffer.PooledByteBufAllocator - -Dio.netty.allocator.numHeapArenas: 16
13:34:55.179 [main] DEBUG io.netty.buffer.PooledByteBufAllocator - -Dio.netty.allocator.numDirectArenas: 16
13:34:55.179 [main] DEBUG io.netty.buffer.PooledByteBufAllocator - -Dio.netty.allocator.pageSize: 8192
13:34:55.180 [main] DEBUG io.netty.buffer.PooledByteBufAllocator - -Dio.netty.allocator.maxOrder: 11
13:34:55.180 [main] DEBUG io.netty.buffer.PooledByteBufAllocator - -Dio.netty.allocator.chunkSize: 16777216
13:34:55.180 [main] DEBUG io.netty.buffer.PooledByteBufAllocator - -Dio.netty.allocator.smallCacheSize: 256
13:34:55.180 [main] DEBUG io.netty.buffer.PooledByteBufAllocator - -Dio.netty.allocator.normalCacheSize: 64
13:34:55.180 [main] DEBUG io.netty.buffer.PooledByteBufAllocator - -Dio.netty.allocator.maxCachedBufferCapacity: 32768
13:34:55.180 [main] DEBUG io.netty.buffer.PooledByteBufAllocator - -Dio.netty.allocator.cacheTrimInterval: 8192
13:34:55.180 [main] DEBUG io.netty.buffer.PooledByteBufAllocator - -Dio.netty.allocator.cacheTrimIntervalMillis: 0
13:34:55.180 [main] DEBUG io.netty.buffer.PooledByteBufAllocator - -Dio.netty.allocator.useCacheForAllThreads: true
13:34:55.180 [main] DEBUG io.netty.buffer.PooledByteBufAllocator - -Dio.netty.allocator.maxCachedByteBuffersPerChunk: 1023
13:34:55.195 [main] DEBUG io.netty.buffer.ByteBufUtil - -Dio.netty.allocator.type: pooled
13:34:55.195 [main] DEBUG io.netty.buffer.ByteBufUtil - -Dio.netty.threadLocalDirectBufferSize: 0
13:34:55.195 [main] DEBUG io.netty.buffer.ByteBufUtil - -Dio.netty.maxThreadLocalCharBufferSize: 16384
13:34:55.435 [main] DEBUG net.serenitybdd.core.webdriver.driverproviders.ProvideNewDriver - Instantiating driver
13:34:55.435 [main] DEBUG net.serenitybdd.core.webdriver.driverproviders.ProvideNewDriver - Driver capabilities: Capabilities {acceptInsecureCerts: false, base.url: https://www.traveloka.com/i..., browserName: chrome, chrome.driver: src/test/resources/webdrive..., driver: chrome, goog:chromeOptions: {args: [], extensions: []}, wait.for.timeout: 6000}
13:34:56.175 [Forwarding newSession on session null to remote] DEBUG io.netty.channel.DefaultChannelId - -Dio.netty.processId: 17184 (auto-detected)
13:34:56.177 [Forwarding newSession on session null to remote] DEBUG io.netty.util.NetUtil - -Djava.net.preferIPv4Stack: false
13:34:56.177 [Forwarding newSession on session null to remote] DEBUG io.netty.util.NetUtil - -Djava.net.preferIPv6Addresses: false
13:34:56.415 [Forwarding newSession on session null to remote] DEBUG io.netty.util.NetUtilInitializations - Loopback interface: lo (Software Loopback Interface 1, 127.0.0.1)
13:34:56.416 [Forwarding newSession on session null to remote] DEBUG io.netty.util.NetUtil - Failed to get SOMAXCONN from sysctl and file \proc\sys\net\core\somaxconn. Default: 200
13:34:56.703 [Forwarding newSession on session null to remote] DEBUG io.netty.channel.DefaultChannelId - -Dio.netty.machineId: 50:3e:aa:ff:fe:ef:df:ab (auto-detected)
13:34:56.756 [AsyncHttpClient-1-2] DEBUG io.netty.buffer.AbstractByteBuf - -Dio.netty.buffer.checkAccessible: true
13:34:56.757 [AsyncHttpClient-1-2] DEBUG io.netty.buffer.AbstractByteBuf - -Dio.netty.buffer.checkBounds: true
13:34:56.757 [AsyncHttpClient-1-2] DEBUG io.netty.util.ResourceLeakDetectorFactory - Loaded default ResourceLeakDetector: io.netty.util.ResourceLeakDetector@1853cc46
13:34:56.770 [AsyncHttpClient-1-2] DEBUG org.asynchttpclient.netty.channel.NettyConnectListener - Using new Channel '[id: 0x4782b2c0, L:/127.0.0.1:53059 - R:localhost/127.0.0.1:59607]' for 'POST' to '/session'
13:34:56.788 [AsyncHttpClient-1-2] DEBUG io.netty.util.Recycler - -Dio.netty.recycler.maxCapacityPerThread: 4096
13:34:56.788 [AsyncHttpClient-1-2] DEBUG io.netty.util.Recycler - -Dio.netty.recycler.ratio: 8
13:34:56.788 [AsyncHttpClient-1-2] DEBUG io.netty.util.Recycler - -Dio.netty.recycler.chunkSize: 32
13:34:56.788 [AsyncHttpClient-1-2] DEBUG io.netty.util.Recycler - -Dio.netty.recycler.blocking: false
13:34:57.448 [AsyncHttpClient-1-2] DEBUG io.netty.handler.codec.compression.Brotli - brotli4j not in the classpath; Brotli support will be unavailable.
13:34:57.448 [AsyncHttpClient-1-2] DEBUG org.asynchttpclient.netty.handler.HttpHandler - 

Request DefaultHttpRequest(decodeResult: success, version: HTTP/1.1)
POST /session HTTP/1.1
User-Agent: selenium/4.1.2 (java windows)
Content-Length: 647
Content-Type: application/json; charset=utf-8
host: localhost:59607
accept: */*

Response DefaultHttpResponse(decodeResult: success, version: HTTP/1.1)
HTTP/1.1 200 OK
Content-Type: application/json; charset=utf-8
cache-control: no-cache
content-length: 789

13:34:57.465 [AsyncHttpClient-1-2] DEBUG org.asynchttpclient.netty.channel.ChannelManager - Adding key: http://localhost:59607 for channel [id: 0x4782b2c0, L:/127.0.0.1:53059 - R:localhost/127.0.0.1:59607]
13:34:57.557 [AsyncHttpClient-1-3] DEBUG org.asynchttpclient.netty.channel.NettyConnectListener - Using new Channel '[id: 0x1e5ef0c8, L:/127.0.0.1:53067 - R:localhost/127.0.0.1:53061]' for 'GET' to '/json/version'
13:34:57.565 [AsyncHttpClient-1-3] DEBUG org.asynchttpclient.netty.handler.HttpHandler - 

Request DefaultFullHttpRequest(decodeResult: success, version: HTTP/1.1, content: EmptyByteBufBE)
GET /json/version HTTP/1.1
User-Agent: selenium/4.1.2 (java windows)
host: localhost:53061
accept: */*

Response DefaultHttpResponse(decodeResult: success, version: HTTP/1.1)
HTTP/1.1 200 OK
Content-Type: application/json; charset=UTF-8
content-length: 424

13:34:57.565 [AsyncHttpClient-1-3] DEBUG org.asynchttpclient.netty.channel.ChannelManager - Adding key: http://localhost:53061 for channel [id: 0x1e5ef0c8, L:/127.0.0.1:53067 - R:localhost/127.0.0.1:53061]
13:34:57.573 [main] DEBUG io.netty.util.internal.ThreadLocalRandom - -Dio.netty.initialSeedUniquifier: 0x1b1c0551e0f150f7
13:34:57.578 [AsyncHttpClient-1-4] DEBUG org.asynchttpclient.netty.channel.NettyConnectListener - Using new Channel '[id: 0x7623a3bf, L:/127.0.0.1:53068 - R:localhost/127.0.0.1:53061]' for 'GET' to '/devtools/browser/2fdaffce-bf0f-44b6-96ae-81ce7e29170d'
13:34:57.585 [AsyncHttpClient-1-4] DEBUG org.asynchttpclient.netty.handler.WebSocketHandler - 

Request DefaultFullHttpRequest(decodeResult: success, version: HTTP/1.1, content: EmptyByteBufBE)
GET /devtools/browser/2fdaffce-bf0f-44b6-96ae-81ce7e29170d HTTP/1.1
upgrade: websocket
connection: upgrade
sec-websocket-key: WG89pxYDZFDwlNmGnrYO5A==
sec-websocket-version: 13
origin: http://localhost:53061
host: localhost:53061
accept: */*
user-agent: AHC/2.1

Response DefaultHttpResponse(decodeResult: success, version: HTTP/1.1)
HTTP/1.1 101 WebSocket Protocol Handshake
Upgrade: WebSocket
Connection: Upgrade
Sec-WebSocket-Accept: dpIftxHakaODSiWJbyiq9k4KQfE=

13:34:58.042 [AsyncHttpClient-1-1] DEBUG org.asynchttpclient.netty.channel.DefaultChannelPool - Entry count for : http://localhost:59607 : 1
13:34:58.042 [AsyncHttpClient-1-1] DEBUG org.asynchttpclient.netty.channel.DefaultChannelPool - Entry count for : http://localhost:53061 : 1
13:34:58.612 [main] DEBUG net.thucydides.core.reflection.ClassFinder - Could not load class .CucumberTestSuite
13:34:58.612 [main] DEBUG net.thucydides.core.reflection.ClassFinder - Could not load class .starter.pages.TiketPesawatPage
13:34:58.612 [main] DEBUG net.thucydides.core.reflection.ClassFinder - Could not load class .starter.stepdefinitions.TiketPesawatStep
13:34:58.613 [main] DEBUG net.thucydides.core.reflection.ClassFinder - Could not load class META-INF.versions.9.com.sun.istack.logging.StackHelper
13:34:58.613 [main] DEBUG net.thucydides.core.reflection.ClassFinder - Could not load class META-INF.versions.9.com.sun.xml.bind.v2.runtime.reflect.opt.AccessorInjector
13:34:58.614 [main] DEBUG net.thucydides.core.reflection.ClassFinder - Could not load class META-INF.versions.9.com.sun.xml.bind.v2.runtime.reflect.opt.Injector
13:34:58.614 [main] DEBUG net.thucydides.core.reflection.ClassFinder - Could not load class META-INF.versions.9.com.sun.xml.bind.v2.runtime.reflect.opt.OptimizedAccessorFactory
13:34:58.614 [main] DEBUG net.thucydides.core.reflection.ClassFinder - Could not load class META-INF.versions.9.com.sun.xml.bind.v2.runtime.reflect.opt.OptimizedTransducedAccessorFactory
13:34:58.615 [main] DEBUG net.thucydides.core.reflection.ClassFinder - Could not load class META-INF.versions.9.io.opentelemetry.sdk.internal.CurrentJavaVersionSpecific
13:34:58.615 [main] DEBUG net.thucydides.core.reflection.ClassFinder - Could not load class META-INF.versions.9.io.opentelemetry.sdk.internal.Java9VersionSpecific
13:34:58.615 [main] DEBUG net.thucydides.core.reflection.ClassFinder - Could not load class META-INF.versions.9.javax.xml.bind.ModuleUtil
13:34:58.616 [main] DEBUG net.thucydides.core.reflection.ClassFinder - Could not load class META-INF.versions.9.module-info
13:34:58.616 [main] DEBUG net.thucydides.core.reflection.ClassFinder - Could not load class META-INF.versions.9.org.junit.platform.commons.util.ModuleUtils
13:34:58.620 [main] DEBUG net.thucydides.core.reflection.ClassFinder - Could not load class com.google.gson.internal.
13:34:58.622 [main] DEBUG net.thucydides.core.reflection.ClassFinder - Could not load class com.sun.xml.bind.v2.runtime.output.FastInfosetStreamWriterOutput
13:34:58.627 [main] DEBUG net.thucydides.core.reflection.ClassFinder - Could not load class module-info
13:34:58.658 [Forwarding get on session 342c0ebcf361c48fdabd0b96f839de61 to remote] DEBUG org.asynchttpclient.netty.request.NettyRequestSender - Using pooled Channel '[id: 0x4782b2c0, L:/127.0.0.1:53059 - R:localhost/127.0.0.1:59607]' for 'POST' to 'http://localhost:59607/session/342c0ebcf361c48fdabd0b96f839de61/url'
13:34:58.658 [Forwarding get on session 342c0ebcf361c48fdabd0b96f839de61 to remote] DEBUG org.asynchttpclient.netty.request.NettyRequestSender - Using open Channel [id: 0x4782b2c0, L:/127.0.0.1:53059 - R:localhost/127.0.0.1:59607] for POST '/session/342c0ebcf361c48fdabd0b96f839de61/url'
13:34:59.146 [AsyncHttpClient-1-1] DEBUG org.asynchttpclient.netty.channel.DefaultChannelPool - Entry count for : http://localhost:53061 : 1
13:35:00.249 [AsyncHttpClient-1-1] DEBUG org.asynchttpclient.netty.channel.DefaultChannelPool - Entry count for : http://localhost:53061 : 1
13:35:00.250 [AsyncHttpClient-1-2] DEBUG org.asynchttpclient.netty.handler.HttpHandler - 

Request DefaultHttpRequest(decodeResult: success, version: HTTP/1.1)
POST /session/342c0ebcf361c48fdabd0b96f839de61/url HTTP/1.1
User-Agent: selenium/4.1.2 (java windows)
Content-Length: 80
Content-Type: application/json; charset=utf-8
host: localhost:59607
accept: */*

Response DefaultHttpResponse(decodeResult: success, version: HTTP/1.1)
HTTP/1.1 200 OK
Content-Type: application/json; charset=utf-8
cache-control: no-cache
content-length: 14

13:35:00.251 [AsyncHttpClient-1-2] DEBUG org.asynchttpclient.netty.channel.ChannelManager - Adding key: http://localhost:59607 for channel [id: 0x4782b2c0, L:/127.0.0.1:53059 - R:localhost/127.0.0.1:59607]
13:35:00.260 [Forwarding setTimeout on session 342c0ebcf361c48fdabd0b96f839de61 to remote] DEBUG org.asynchttpclient.netty.request.NettyRequestSender - Using pooled Channel '[id: 0x4782b2c0, L:/127.0.0.1:53059 - R:localhost/127.0.0.1:59607]' for 'POST' to 'http://localhost:59607/session/342c0ebcf361c48fdabd0b96f839de61/timeouts'
13:35:00.260 [Forwarding setTimeout on session 342c0ebcf361c48fdabd0b96f839de61 to remote] DEBUG org.asynchttpclient.netty.request.NettyRequestSender - Using open Channel [id: 0x4782b2c0, L:/127.0.0.1:53059 - R:localhost/127.0.0.1:59607] for POST '/session/342c0ebcf361c48fdabd0b96f839de61/timeouts'
13:35:00.262 [AsyncHttpClient-1-2] DEBUG org.asynchttpclient.netty.handler.HttpHandler - 

Request DefaultHttpRequest(decodeResult: success, version: HTTP/1.1)
POST /session/342c0ebcf361c48fdabd0b96f839de61/timeouts HTTP/1.1
User-Agent: selenium/4.1.2 (java windows)
Content-Length: 22
Content-Type: application/json; charset=utf-8
host: localhost:59607
accept: */*

Response DefaultHttpResponse(decodeResult: success, version: HTTP/1.1)
HTTP/1.1 200 OK
Content-Type: application/json; charset=utf-8
cache-control: no-cache
content-length: 14

13:35:00.263 [AsyncHttpClient-1-2] DEBUG org.asynchttpclient.netty.channel.ChannelManager - Adding key: http://localhost:59607 for channel [id: 0x4782b2c0, L:/127.0.0.1:53059 - R:localhost/127.0.0.1:59607]
13:35:00.272 [Forwarding getCurrentUrl on session 342c0ebcf361c48fdabd0b96f839de61 to remote] DEBUG org.asynchttpclient.netty.request.NettyRequestSender - Using pooled Channel '[id: 0x4782b2c0, L:/127.0.0.1:53059 - R:localhost/127.0.0.1:59607]' for 'GET' to 'http://localhost:59607/session/342c0ebcf361c48fdabd0b96f839de61/url'
13:35:00.272 [Forwarding getCurrentUrl on session 342c0ebcf361c48fdabd0b96f839de61 to remote] DEBUG org.asynchttpclient.netty.request.NettyRequestSender - Using open Channel [id: 0x4782b2c0, L:/127.0.0.1:53059 - R:localhost/127.0.0.1:59607] for GET '/session/342c0ebcf361c48fdabd0b96f839de61/url'
13:35:00.276 [AsyncHttpClient-1-2] DEBUG org.asynchttpclient.netty.handler.HttpHandler - 

Request DefaultFullHttpRequest(decodeResult: success, version: HTTP/1.1, content: EmptyByteBufBE)
GET /session/342c0ebcf361c48fdabd0b96f839de61/url HTTP/1.1
User-Agent: selenium/4.1.2 (java windows)
Cache-Control: no-cache
Content-Type: application/json; charset=utf-8
host: localhost:59607
accept: */*

Response DefaultHttpResponse(decodeResult: success, version: HTTP/1.1)
HTTP/1.1 200 OK
Content-Type: application/json; charset=utf-8
cache-control: no-cache
content-length: 57

13:35:00.277 [AsyncHttpClient-1-2] DEBUG org.asynchttpclient.netty.channel.ChannelManager - Adding key: http://localhost:59607 for channel [id: 0x4782b2c0, L:/127.0.0.1:53059 - R:localhost/127.0.0.1:59607]
  &amp#27;[32mGiven &amp#27;[0m&amp#27;[32mI am on the tiket pesawat&amp#27;[0m                     &amp#27;[90m# starter.stepdefinitions.TiketPesawatStep.iAmOnTheTiketPesawat()&amp#27;[0m
13:35:00.305 [main] DEBUG net.serenitybdd.core.photography.Darkroom - Opening darkroom
13:35:00.306 [Darkroom Processing Line] DEBUG net.serenitybdd.core.photography.DarkroomProcessingLine - Darkroom processing line starting up
13:35:00.307 [Forwarding screenshot on session 342c0ebcf361c48fdabd0b96f839de61 to remote] DEBUG org.asynchttpclient.netty.request.NettyRequestSender - Using pooled Channel '[id: 0x4782b2c0, L:/127.0.0.1:53059 - R:localhost/127.0.0.1:59607]' for 'GET' to 'http://localhost:59607/session/342c0ebcf361c48fdabd0b96f839de61/screenshot'
13:35:00.307 [Forwarding screenshot on session 342c0ebcf361c48fdabd0b96f839de61 to remote] DEBUG org.asynchttpclient.netty.request.NettyRequestSender - Using open Channel [id: 0x4782b2c0, L:/127.0.0.1:53059 - R:localhost/127.0.0.1:59607] for GET '/session/342c0ebcf361c48fdabd0b96f839de61/screenshot'
13:35:00.644 [AsyncHttpClient-1-2] DEBUG org.asynchttpclient.netty.handler.HttpHandler - 

Request DefaultFullHttpRequest(decodeResult: success, version: HTTP/1.1, content: EmptyByteBufBE)
GET /session/342c0ebcf361c48fdabd0b96f839de61/screenshot HTTP/1.1
User-Agent: selenium/4.1.2 (java windows)
Cache-Control: no-cache
Content-Type: application/json; charset=utf-8
host: localhost:59607
accept: */*

Response DefaultHttpResponse(decodeResult: success, version: HTTP/1.1)
HTTP/1.1 200 OK
Content-Type: application/json; charset=utf-8
cache-control: no-cache
content-length: 89896

13:35:00.646 [AsyncHttpClient-1-2] DEBUG org.asynchttpclient.netty.channel.ChannelManager - Adding key: http://localhost:59607 for channel [id: 0x4782b2c0, L:/127.0.0.1:53059 - R:localhost/127.0.0.1:59607]
13:35:00.745 [main] DEBUG net.serenitybdd.core.photography.Darkroom - Send negative for processing for target\site\serenity\79f3b97caee107269e78fe2e5e5198c95a80f0668218d31a7a58a98a841b9ed9.png
13:35:00.746 [Darkroom Processing Line] DEBUG net.serenitybdd.core.photography.DarkroomProcessingLine - Processing screenshot image in /var/screenshots/screenshot-11887503626914313024
13:35:00.747 [Darkroom Processing Line] DEBUG net.serenitybdd.core.photography.DarkroomProcessingLine - Saving screenshot to target\site\serenity\79f3b97caee107269e78fe2e5e5198c95a80f0668218d31a7a58a98a841b9ed9.png
13:35:00.798 [Forwarding findElement on session 342c0ebcf361c48fdabd0b96f839de61 to remote] DEBUG org.asynchttpclient.netty.request.NettyRequestSender - Using pooled Channel '[id: 0x4782b2c0, L:/127.0.0.1:53059 - R:localhost/127.0.0.1:59607]' for 'POST' to 'http://localhost:59607/session/342c0ebcf361c48fdabd0b96f839de61/element'
13:35:00.799 [Forwarding findElement on session 342c0ebcf361c48fdabd0b96f839de61 to remote] DEBUG org.asynchttpclient.netty.request.NettyRequestSender - Using open Channel [id: 0x4782b2c0, L:/127.0.0.1:53059 - R:localhost/127.0.0.1:59607] for POST '/session/342c0ebcf361c48fdabd0b96f839de61/element'
13:35:00.991 [AsyncHttpClient-1-2] DEBUG org.asynchttpclient.netty.handler.HttpHandler - 

Request DefaultHttpRequest(decodeResult: success, version: HTTP/1.1)
POST /session/342c0ebcf361c48fdabd0b96f839de61/element HTTP/1.1
User-Agent: selenium/4.1.2 (java windows)
Content-Length: 87
Content-Type: application/json; charset=utf-8
host: localhost:59607
accept: */*

Response DefaultHttpResponse(decodeResult: success, version: HTTP/1.1)
HTTP/1.1 200 OK
Content-Type: application/json; charset=utf-8
cache-control: no-cache
content-length: 88

13:35:00.991 [AsyncHttpClient-1-2] DEBUG org.asynchttpclient.netty.channel.ChannelManager - Adding key: http://localhost:59607 for channel [id: 0x4782b2c0, L:/127.0.0.1:53059 - R:localhost/127.0.0.1:59607]
13:35:00.997 [Forwarding getElementTagName on session 342c0ebcf361c48fdabd0b96f839de61 to remote] DEBUG org.asynchttpclient.netty.request.NettyRequestSender - Using pooled Channel '[id: 0x4782b2c0, L:/127.0.0.1:53059 - R:localhost/127.0.0.1:59607]' for 'GET' to 'http://localhost:59607/session/342c0ebcf361c48fdabd0b96f839de61/element/e545e677-b5a8-4090-8a64-ba7e4ac39334/name'
13:35:00.997 [Forwarding getElementTagName on session 342c0ebcf361c48fdabd0b96f839de61 to remote] DEBUG org.asynchttpclient.netty.request.NettyRequestSender - Using open Channel [id: 0x4782b2c0, L:/127.0.0.1:53059 - R:localhost/127.0.0.1:59607] for GET '/session/342c0ebcf361c48fdabd0b96f839de61/element/e545e677-b5a8-4090-8a64-ba7e4ac39334/name'
13:35:01.265 [AsyncHttpClient-1-2] DEBUG org.asynchttpclient.netty.handler.HttpHandler - 

Request DefaultFullHttpRequest(decodeResult: success, version: HTTP/1.1, content: EmptyByteBufBE)
GET /session/342c0ebcf361c48fdabd0b96f839de61/element/e545e677-b5a8-4090-8a64-ba7e4ac39334/name HTTP/1.1
User-Agent: selenium/4.1.2 (java windows)
Cache-Control: no-cache
Content-Type: application/json; charset=utf-8
host: localhost:59607
accept: */*

Response DefaultHttpResponse(decodeResult: success, version: HTTP/1.1)
HTTP/1.1 200 OK
Content-Type: application/json; charset=utf-8
cache-control: no-cache
content-length: 17

13:35:01.265 [AsyncHttpClient-1-2] DEBUG org.asynchttpclient.netty.channel.ChannelManager - Adding key: http://localhost:59607 for channel [id: 0x4782b2c0, L:/127.0.0.1:53059 - R:localhost/127.0.0.1:59607]
13:35:01.268 [Forwarding getElementTagName on session 342c0ebcf361c48fdabd0b96f839de61 to remote] DEBUG org.asynchttpclient.netty.request.NettyRequestSender - Using pooled Channel '[id: 0x4782b2c0, L:/127.0.0.1:53059 - R:localhost/127.0.0.1:59607]' for 'GET' to 'http://localhost:59607/session/342c0ebcf361c48fdabd0b96f839de61/element/e545e677-b5a8-4090-8a64-ba7e4ac39334/name'
13:35:01.268 [Forwarding getElementTagName on session 342c0ebcf361c48fdabd0b96f839de61 to remote] DEBUG org.asynchttpclient.netty.request.NettyRequestSender - Using open Channel [id: 0x4782b2c0, L:/127.0.0.1:53059 - R:localhost/127.0.0.1:59607] for GET '/session/342c0ebcf361c48fdabd0b96f839de61/element/e545e677-b5a8-4090-8a64-ba7e4ac39334/name'
13:35:01.348 [AsyncHttpClient-1-1] DEBUG org.asynchttpclient.netty.channel.DefaultChannelPool - Entry count for : http://localhost:53061 : 1
13:35:01.469 [AsyncHttpClient-1-2] DEBUG org.asynchttpclient.netty.handler.HttpHandler - 

Request DefaultFullHttpRequest(decodeResult: success, version: HTTP/1.1, content: EmptyByteBufBE)
GET /session/342c0ebcf361c48fdabd0b96f839de61/element/e545e677-b5a8-4090-8a64-ba7e4ac39334/name HTTP/1.1
User-Agent: selenium/4.1.2 (java windows)
Cache-Control: no-cache
Content-Type: application/json; charset=utf-8
host: localhost:59607
accept: */*

Response DefaultHttpResponse(decodeResult: success, version: HTTP/1.1)
HTTP/1.1 200 OK
Content-Type: application/json; charset=utf-8
cache-control: no-cache
content-length: 17

13:35:01.469 [AsyncHttpClient-1-2] DEBUG org.asynchttpclient.netty.channel.ChannelManager - Adding key: http://localhost:59607 for channel [id: 0x4782b2c0, L:/127.0.0.1:53059 - R:localhost/127.0.0.1:59607]
13:35:01.478 [Forwarding isElementEnabled on session 342c0ebcf361c48fdabd0b96f839de61 to remote] DEBUG org.asynchttpclient.netty.request.NettyRequestSender - Using pooled Channel '[id: 0x4782b2c0, L:/127.0.0.1:53059 - R:localhost/127.0.0.1:59607]' for 'GET' to 'http://localhost:59607/session/342c0ebcf361c48fdabd0b96f839de61/element/e545e677-b5a8-4090-8a64-ba7e4ac39334/enabled'
13:35:01.478 [Forwarding isElementEnabled on session 342c0ebcf361c48fdabd0b96f839de61 to remote] DEBUG org.asynchttpclient.netty.request.NettyRequestSender - Using open Channel [id: 0x4782b2c0, L:/127.0.0.1:53059 - R:localhost/127.0.0.1:59607] for GET '/session/342c0ebcf361c48fdabd0b96f839de61/element/e545e677-b5a8-4090-8a64-ba7e4ac39334/enabled'
13:35:01.489 [AsyncHttpClient-1-2] DEBUG org.asynchttpclient.netty.handler.HttpHandler - 

Request DefaultFullHttpRequest(decodeResult: success, version: HTTP/1.1, content: EmptyByteBufBE)
GET /session/342c0ebcf361c48fdabd0b96f839de61/element/e545e677-b5a8-4090-8a64-ba7e4ac39334/enabled HTTP/1.1
User-Agent: selenium/4.1.2 (java windows)
Cache-Control: no-cache
Content-Type: application/json; charset=utf-8
host: localhost:59607
accept: */*

Response DefaultHttpResponse(decodeResult: success, version: HTTP/1.1)
HTTP/1.1 200 OK
Content-Type: application/json; charset=utf-8
cache-control: no-cache
content-length: 14

13:35:01.490 [AsyncHttpClient-1-2] DEBUG org.asynchttpclient.netty.channel.ChannelManager - Adding key: http://localhost:59607 for channel [id: 0x4782b2c0, L:/127.0.0.1:53059 - R:localhost/127.0.0.1:59607]
13:35:01.493 [Forwarding isElementEnabled on session 342c0ebcf361c48fdabd0b96f839de61 to remote] DEBUG org.asynchttpclient.netty.request.NettyRequestSender - Using pooled Channel '[id: 0x4782b2c0, L:/127.0.0.1:53059 - R:localhost/127.0.0.1:59607]' for 'GET' to 'http://localhost:59607/session/342c0ebcf361c48fdabd0b96f839de61/element/e545e677-b5a8-4090-8a64-ba7e4ac39334/enabled'
13:35:01.494 [Forwarding isElementEnabled on session 342c0ebcf361c48fdabd0b96f839de61 to remote] DEBUG org.asynchttpclient.netty.request.NettyRequestSender - Using open Channel [id: 0x4782b2c0, L:/127.0.0.1:53059 - R:localhost/127.0.0.1:59607] for GET '/session/342c0ebcf361c48fdabd0b96f839de61/element/e545e677-b5a8-4090-8a64-ba7e4ac39334/enabled'
13:35:01.501 [AsyncHttpClient-1-2] DEBUG org.asynchttpclient.netty.handler.HttpHandler - 

Request DefaultFullHttpRequest(decodeResult: success, version: HTTP/1.1, content: EmptyByteBufBE)
GET /session/342c0ebcf361c48fdabd0b96f839de61/element/e545e677-b5a8-4090-8a64-ba7e4ac39334/enabled HTTP/1.1
User-Agent: selenium/4.1.2 (java windows)
Cache-Control: no-cache
Content-Type: application/json; charset=utf-8
host: localhost:59607
accept: */*

Response DefaultHttpResponse(decodeResult: success, version: HTTP/1.1)
HTTP/1.1 200 OK
Content-Type: application/json; charset=utf-8
cache-control: no-cache
content-length: 14

13:35:01.501 [AsyncHttpClient-1-2] DEBUG org.asynchttpclient.netty.channel.ChannelManager - Adding key: http://localhost:59607 for channel [id: 0x4782b2c0, L:/127.0.0.1:53059 - R:localhost/127.0.0.1:59607]
13:35:01.505 [Forwarding findElement on session 342c0ebcf361c48fdabd0b96f839de61 to remote] DEBUG org.asynchttpclient.netty.request.NettyRequestSender - Using pooled Channel '[id: 0x4782b2c0, L:/127.0.0.1:53059 - R:localhost/127.0.0.1:59607]' for 'POST' to 'http://localhost:59607/session/342c0ebcf361c48fdabd0b96f839de61/element'
13:35:01.505 [Forwarding findElement on session 342c0ebcf361c48fdabd0b96f839de61 to remote] DEBUG org.asynchttpclient.netty.request.NettyRequestSender - Using open Channel [id: 0x4782b2c0, L:/127.0.0.1:53059 - R:localhost/127.0.0.1:59607] for POST '/session/342c0ebcf361c48fdabd0b96f839de61/element'
13:35:01.519 [AsyncHttpClient-1-2] DEBUG org.asynchttpclient.netty.handler.HttpHandler - 

Request DefaultHttpRequest(decodeResult: success, version: HTTP/1.1)
POST /session/342c0ebcf361c48fdabd0b96f839de61/element HTTP/1.1
User-Agent: selenium/4.1.2 (java windows)
Content-Length: 87
Content-Type: application/json; charset=utf-8
host: localhost:59607
accept: */*

Response DefaultHttpResponse(decodeResult: success, version: HTTP/1.1)
HTTP/1.1 200 OK
Content-Type: application/json; charset=utf-8
cache-control: no-cache
content-length: 88

13:35:01.520 [AsyncHttpClient-1-2] DEBUG org.asynchttpclient.netty.channel.ChannelManager - Adding key: http://localhost:59607 for channel [id: 0x4782b2c0, L:/127.0.0.1:53059 - R:localhost/127.0.0.1:59607]
13:35:01.523 [Forwarding clickElement on session 342c0ebcf361c48fdabd0b96f839de61 to remote] DEBUG org.asynchttpclient.netty.request.NettyRequestSender - Using pooled Channel '[id: 0x4782b2c0, L:/127.0.0.1:53059 - R:localhost/127.0.0.1:59607]' for 'POST' to 'http://localhost:59607/session/342c0ebcf361c48fdabd0b96f839de61/element/e545e677-b5a8-4090-8a64-ba7e4ac39334/click'
13:35:01.523 [Forwarding clickElement on session 342c0ebcf361c48fdabd0b96f839de61 to remote] DEBUG org.asynchttpclient.netty.request.NettyRequestSender - Using open Channel [id: 0x4782b2c0, L:/127.0.0.1:53059 - R:localhost/127.0.0.1:59607] for POST '/session/342c0ebcf361c48fdabd0b96f839de61/element/e545e677-b5a8-4090-8a64-ba7e4ac39334/click'
13:35:01.645 [AsyncHttpClient-1-2] DEBUG org.asynchttpclient.netty.handler.HttpHandler - 

Request DefaultHttpRequest(decodeResult: success, version: HTTP/1.1)
POST /session/342c0ebcf361c48fdabd0b96f839de61/element/e545e677-b5a8-4090-8a64-ba7e4ac39334/click HTTP/1.1
User-Agent: selenium/4.1.2 (java windows)
Content-Length: 50
Content-Type: application/json; charset=utf-8
host: localhost:59607
accept: */*

Response DefaultHttpResponse(decodeResult: success, version: HTTP/1.1)
HTTP/1.1 200 OK
Content-Type: application/json; charset=utf-8
cache-control: no-cache
content-length: 14

13:35:01.645 [AsyncHttpClient-1-2] DEBUG org.asynchttpclient.netty.channel.ChannelManager - Adding key: http://localhost:59607 for channel [id: 0x4782b2c0, L:/127.0.0.1:53059 - R:localhost/127.0.0.1:59607]
  &amp#27;[32mWhen &amp#27;[0m&amp#27;[32mI click jumlah penumpang&amp#27;[0m                       &amp#27;[90m# starter.stepdefinitions.TiketPesawatStep.iClickJumlahPenumpang()&amp#27;[0m
13:35:01.659 [Forwarding screenshot on session 342c0ebcf361c48fdabd0b96f839de61 to remote] DEBUG org.asynchttpclient.netty.request.NettyRequestSender - Using pooled Channel '[id: 0x4782b2c0, L:/127.0.0.1:53059 - R:localhost/127.0.0.1:59607]' for 'GET' to 'http://localhost:59607/session/342c0ebcf361c48fdabd0b96f839de61/screenshot'
13:35:01.660 [Forwarding screenshot on session 342c0ebcf361c48fdabd0b96f839de61 to remote] DEBUG org.asynchttpclient.netty.request.NettyRequestSender - Using open Channel [id: 0x4782b2c0, L:/127.0.0.1:53059 - R:localhost/127.0.0.1:59607] for GET '/session/342c0ebcf361c48fdabd0b96f839de61/screenshot'
13:35:01.851 [AsyncHttpClient-1-2] DEBUG org.asynchttpclient.netty.handler.HttpHandler - 

Request DefaultFullHttpRequest(decodeResult: success, version: HTTP/1.1, content: EmptyByteBufBE)
GET /session/342c0ebcf361c48fdabd0b96f839de61/screenshot HTTP/1.1
User-Agent: selenium/4.1.2 (java windows)
Cache-Control: no-cache
Content-Type: application/json; charset=utf-8
host: localhost:59607
accept: */*

Response DefaultHttpResponse(decodeResult: success, version: HTTP/1.1)
HTTP/1.1 200 OK
Content-Type: application/json; charset=utf-8
cache-control: no-cache
content-length: 272772

13:35:01.854 [AsyncHttpClient-1-2] DEBUG org.asynchttpclient.netty.channel.ChannelManager - Adding key: http://localhost:59607 for channel [id: 0x4782b2c0, L:/127.0.0.1:53059 - R:localhost/127.0.0.1:59607]
13:35:01.904 [main] DEBUG net.serenitybdd.core.photography.Darkroom - Send negative for processing for target\site\serenity\70f4fbb00285cf8d334a50ee1139c750bb2422be85f620325d207013ccda9d6a.png
13:35:01.904 [Darkroom Processing Line] DEBUG net.serenitybdd.core.photography.DarkroomProcessingLine - Processing screenshot image in /var/screenshots/screenshot-18297042168339051942
13:35:01.904 [Darkroom Processing Line] DEBUG net.serenitybdd.core.photography.DarkroomProcessingLine - Saving screenshot to target\site\serenity\70f4fbb00285cf8d334a50ee1139c750bb2422be85f620325d207013ccda9d6a.png
13:35:01.920 [Forwarding findElement on session 342c0ebcf361c48fdabd0b96f839de61 to remote] DEBUG org.asynchttpclient.netty.request.NettyRequestSender - Using pooled Channel '[id: 0x4782b2c0, L:/127.0.0.1:53059 - R:localhost/127.0.0.1:59607]' for 'POST' to 'http://localhost:59607/session/342c0ebcf361c48fdabd0b96f839de61/element'
13:35:01.920 [Forwarding findElement on session 342c0ebcf361c48fdabd0b96f839de61 to remote] DEBUG org.asynchttpclient.netty.request.NettyRequestSender - Using open Channel [id: 0x4782b2c0, L:/127.0.0.1:53059 - R:localhost/127.0.0.1:59607] for POST '/session/342c0ebcf361c48fdabd0b96f839de61/element'
13:35:01.939 [AsyncHttpClient-1-2] DEBUG org.asynchttpclient.netty.handler.HttpHandler - 

Request DefaultHttpRequest(decodeResult: success, version: HTTP/1.1)
POST /session/342c0ebcf361c48fdabd0b96f839de61/element HTTP/1.1
User-Agent: selenium/4.1.2 (java windows)
Content-Length: 252
Content-Type: application/json; charset=utf-8
host: localhost:59607
accept: */*

Response DefaultHttpResponse(decodeResult: success, version: HTTP/1.1)
HTTP/1.1 200 OK
Content-Type: application/json; charset=utf-8
cache-control: no-cache
content-length: 88

13:35:01.939 [AsyncHttpClient-1-2] DEBUG org.asynchttpclient.netty.channel.ChannelManager - Adding key: http://localhost:59607 for channel [id: 0x4782b2c0, L:/127.0.0.1:53059 - R:localhost/127.0.0.1:59607]
13:35:01.943 [Forwarding getElementTagName on session 342c0ebcf361c48fdabd0b96f839de61 to remote] DEBUG org.asynchttpclient.netty.request.NettyRequestSender - Using pooled Channel '[id: 0x4782b2c0, L:/127.0.0.1:53059 - R:localhost/127.0.0.1:59607]' for 'GET' to 'http://localhost:59607/session/342c0ebcf361c48fdabd0b96f839de61/element/ab7feb57-0407-4567-951b-2a92ee1e05ff/name'
13:35:01.943 [Forwarding getElementTagName on session 342c0ebcf361c48fdabd0b96f839de61 to remote] DEBUG org.asynchttpclient.netty.request.NettyRequestSender - Using open Channel [id: 0x4782b2c0, L:/127.0.0.1:53059 - R:localhost/127.0.0.1:59607] for GET '/session/342c0ebcf361c48fdabd0b96f839de61/element/ab7feb57-0407-4567-951b-2a92ee1e05ff/name'
13:35:01.948 [AsyncHttpClient-1-2] DEBUG org.asynchttpclient.netty.handler.HttpHandler - 

Request DefaultFullHttpRequest(decodeResult: success, version: HTTP/1.1, content: EmptyByteBufBE)
GET /session/342c0ebcf361c48fdabd0b96f839de61/element/ab7feb57-0407-4567-951b-2a92ee1e05ff/name HTTP/1.1
User-Agent: selenium/4.1.2 (java windows)
Cache-Control: no-cache
Content-Type: application/json; charset=utf-8
host: localhost:59607
accept: */*

Response DefaultHttpResponse(decodeResult: success, version: HTTP/1.1)
HTTP/1.1 200 OK
Content-Type: application/json; charset=utf-8
cache-control: no-cache
content-length: 15

13:35:01.949 [AsyncHttpClient-1-2] DEBUG org.asynchttpclient.netty.channel.ChannelManager - Adding key: http://localhost:59607 for channel [id: 0x4782b2c0, L:/127.0.0.1:53059 - R:localhost/127.0.0.1:59607]
13:35:01.952 [Forwarding getElementTagName on session 342c0ebcf361c48fdabd0b96f839de61 to remote] DEBUG org.asynchttpclient.netty.request.NettyRequestSender - Using pooled Channel '[id: 0x4782b2c0, L:/127.0.0.1:53059 - R:localhost/127.0.0.1:59607]' for 'GET' to 'http://localhost:59607/session/342c0ebcf361c48fdabd0b96f839de61/element/ab7feb57-0407-4567-951b-2a92ee1e05ff/name'
13:35:01.952 [Forwarding getElementTagName on session 342c0ebcf361c48fdabd0b96f839de61 to remote] DEBUG org.asynchttpclient.netty.request.NettyRequestSender - Using open Channel [id: 0x4782b2c0, L:/127.0.0.1:53059 - R:localhost/127.0.0.1:59607] for GET '/session/342c0ebcf361c48fdabd0b96f839de61/element/ab7feb57-0407-4567-951b-2a92ee1e05ff/name'
13:35:01.956 [AsyncHttpClient-1-2] DEBUG org.asynchttpclient.netty.handler.HttpHandler - 

Request DefaultFullHttpRequest(decodeResult: success, version: HTTP/1.1, content: EmptyByteBufBE)
GET /session/342c0ebcf361c48fdabd0b96f839de61/element/ab7feb57-0407-4567-951b-2a92ee1e05ff/name HTTP/1.1
User-Agent: selenium/4.1.2 (java windows)
Cache-Control: no-cache
Content-Type: application/json; charset=utf-8
host: localhost:59607
accept: */*

Response DefaultHttpResponse(decodeResult: success, version: HTTP/1.1)
HTTP/1.1 200 OK
Content-Type: application/json; charset=utf-8
cache-control: no-cache
content-length: 15

13:35:01.956 [AsyncHttpClient-1-2] DEBUG org.asynchttpclient.netty.channel.ChannelManager - Adding key: http://localhost:59607 for channel [id: 0x4782b2c0, L:/127.0.0.1:53059 - R:localhost/127.0.0.1:59607]
13:35:01.960 [Forwarding findElement on session 342c0ebcf361c48fdabd0b96f839de61 to remote] DEBUG org.asynchttpclient.netty.request.NettyRequestSender - Using pooled Channel '[id: 0x4782b2c0, L:/127.0.0.1:53059 - R:localhost/127.0.0.1:59607]' for 'POST' to 'http://localhost:59607/session/342c0ebcf361c48fdabd0b96f839de61/element'
13:35:01.960 [Forwarding findElement on session 342c0ebcf361c48fdabd0b96f839de61 to remote] DEBUG org.asynchttpclient.netty.request.NettyRequestSender - Using open Channel [id: 0x4782b2c0, L:/127.0.0.1:53059 - R:localhost/127.0.0.1:59607] for POST '/session/342c0ebcf361c48fdabd0b96f839de61/element'
13:35:01.977 [AsyncHttpClient-1-2] DEBUG org.asynchttpclient.netty.handler.HttpHandler - 

Request DefaultHttpRequest(decodeResult: success, version: HTTP/1.1)
POST /session/342c0ebcf361c48fdabd0b96f839de61/element HTTP/1.1
User-Agent: selenium/4.1.2 (java windows)
Content-Length: 252
Content-Type: application/json; charset=utf-8
host: localhost:59607
accept: */*

Response DefaultHttpResponse(decodeResult: success, version: HTTP/1.1)
HTTP/1.1 200 OK
Content-Type: application/json; charset=utf-8
cache-control: no-cache
content-length: 88

13:35:01.977 [AsyncHttpClient-1-2] DEBUG org.asynchttpclient.netty.channel.ChannelManager - Adding key: http://localhost:59607 for channel [id: 0x4782b2c0, L:/127.0.0.1:53059 - R:localhost/127.0.0.1:59607]
13:35:01.980 [Forwarding clickElement on session 342c0ebcf361c48fdabd0b96f839de61 to remote] DEBUG org.asynchttpclient.netty.request.NettyRequestSender - Using pooled Channel '[id: 0x4782b2c0, L:/127.0.0.1:53059 - R:localhost/127.0.0.1:59607]' for 'POST' to 'http://localhost:59607/session/342c0ebcf361c48fdabd0b96f839de61/element/ab7feb57-0407-4567-951b-2a92ee1e05ff/click'
13:35:01.980 [Forwarding clickElement on session 342c0ebcf361c48fdabd0b96f839de61 to remote] DEBUG org.asynchttpclient.netty.request.NettyRequestSender - Using open Channel [id: 0x4782b2c0, L:/127.0.0.1:53059 - R:localhost/127.0.0.1:59607] for POST '/session/342c0ebcf361c48fdabd0b96f839de61/element/ab7feb57-0407-4567-951b-2a92ee1e05ff/click'
13:35:02.070 [AsyncHttpClient-1-2] DEBUG org.asynchttpclient.netty.handler.HttpHandler - 

Request DefaultHttpRequest(decodeResult: success, version: HTTP/1.1)
POST /session/342c0ebcf361c48fdabd0b96f839de61/element/ab7feb57-0407-4567-951b-2a92ee1e05ff/click HTTP/1.1
User-Agent: selenium/4.1.2 (java windows)
Content-Length: 50
Content-Type: application/json; charset=utf-8
host: localhost:59607
accept: */*

Response DefaultHttpResponse(decodeResult: success, version: HTTP/1.1)
HTTP/1.1 200 OK
Content-Type: application/json; charset=utf-8
cache-control: no-cache
content-length: 14

13:35:02.071 [AsyncHttpClient-1-2] DEBUG org.asynchttpclient.netty.channel.ChannelManager - Adding key: http://localhost:59607 for channel [id: 0x4782b2c0, L:/127.0.0.1:53059 - R:localhost/127.0.0.1:59607]
13:35:02.080 [Forwarding findElement on session 342c0ebcf361c48fdabd0b96f839de61 to remote] DEBUG org.asynchttpclient.netty.request.NettyRequestSender - Using pooled Channel '[id: 0x4782b2c0, L:/127.0.0.1:53059 - R:localhost/127.0.0.1:59607]' for 'POST' to 'http://localhost:59607/session/342c0ebcf361c48fdabd0b96f839de61/element'
13:35:02.080 [Forwarding findElement on session 342c0ebcf361c48fdabd0b96f839de61 to remote] DEBUG org.asynchttpclient.netty.request.NettyRequestSender - Using open Channel [id: 0x4782b2c0, L:/127.0.0.1:53059 - R:localhost/127.0.0.1:59607] for POST '/session/342c0ebcf361c48fdabd0b96f839de61/element'
13:35:02.095 [AsyncHttpClient-1-2] DEBUG org.asynchttpclient.netty.handler.HttpHandler - 

Request DefaultHttpRequest(decodeResult: success, version: HTTP/1.1)
POST /session/342c0ebcf361c48fdabd0b96f839de61/element HTTP/1.1
User-Agent: selenium/4.1.2 (java windows)
Content-Length: 252
Content-Type: application/json; charset=utf-8
host: localhost:59607
accept: */*

Response DefaultHttpResponse(decodeResult: success, version: HTTP/1.1)
HTTP/1.1 200 OK
Content-Type: application/json; charset=utf-8
cache-control: no-cache
content-length: 88

13:35:02.095 [AsyncHttpClient-1-2] DEBUG org.asynchttpclient.netty.channel.ChannelManager - Adding key: http://localhost:59607 for channel [id: 0x4782b2c0, L:/127.0.0.1:53059 - R:localhost/127.0.0.1:59607]
13:35:02.098 [Forwarding getElementTagName on session 342c0ebcf361c48fdabd0b96f839de61 to remote] DEBUG org.asynchttpclient.netty.request.NettyRequestSender - Using pooled Channel '[id: 0x4782b2c0, L:/127.0.0.1:53059 - R:localhost/127.0.0.1:59607]' for 'GET' to 'http://localhost:59607/session/342c0ebcf361c48fdabd0b96f839de61/element/ab7feb57-0407-4567-951b-2a92ee1e05ff/name'
13:35:02.098 [Forwarding getElementTagName on session 342c0ebcf361c48fdabd0b96f839de61 to remote] DEBUG org.asynchttpclient.netty.request.NettyRequestSender - Using open Channel [id: 0x4782b2c0, L:/127.0.0.1:53059 - R:localhost/127.0.0.1:59607] for GET '/session/342c0ebcf361c48fdabd0b96f839de61/element/ab7feb57-0407-4567-951b-2a92ee1e05ff/name'
13:35:02.102 [AsyncHttpClient-1-2] DEBUG org.asynchttpclient.netty.handler.HttpHandler - 

Request DefaultFullHttpRequest(decodeResult: success, version: HTTP/1.1, content: EmptyByteBufBE)
GET /session/342c0ebcf361c48fdabd0b96f839de61/element/ab7feb57-0407-4567-951b-2a92ee1e05ff/name HTTP/1.1
User-Agent: selenium/4.1.2 (java windows)
Cache-Control: no-cache
Content-Type: application/json; charset=utf-8
host: localhost:59607
accept: */*

Response DefaultHttpResponse(decodeResult: success, version: HTTP/1.1)
HTTP/1.1 200 OK
Content-Type: application/json; charset=utf-8
cache-control: no-cache
content-length: 15

13:35:02.102 [AsyncHttpClient-1-2] DEBUG org.asynchttpclient.netty.channel.ChannelManager - Adding key: http://localhost:59607 for channel [id: 0x4782b2c0, L:/127.0.0.1:53059 - R:localhost/127.0.0.1:59607]
13:35:02.104 [Forwarding getElementTagName on session 342c0ebcf361c48fdabd0b96f839de61 to remote] DEBUG org.asynchttpclient.netty.request.NettyRequestSender - Using pooled Channel '[id: 0x4782b2c0, L:/127.0.0.1:53059 - R:localhost/127.0.0.1:59607]' for 'GET' to 'http://localhost:59607/session/342c0ebcf361c48fdabd0b96f839de61/element/ab7feb57-0407-4567-951b-2a92ee1e05ff/name'
13:35:02.105 [Forwarding getElementTagName on session 342c0ebcf361c48fdabd0b96f839de61 to remote] DEBUG org.asynchttpclient.netty.request.NettyRequestSender - Using open Channel [id: 0x4782b2c0, L:/127.0.0.1:53059 - R:localhost/127.0.0.1:59607] for GET '/session/342c0ebcf361c48fdabd0b96f839de61/element/ab7feb57-0407-4567-951b-2a92ee1e05ff/name'
13:35:02.112 [AsyncHttpClient-1-2] DEBUG org.asynchttpclient.netty.handler.HttpHandler - 

Request DefaultFullHttpRequest(decodeResult: success, version: HTTP/1.1, content: EmptyByteBufBE)
GET /session/342c0ebcf361c48fdabd0b96f839de61/element/ab7feb57-0407-4567-951b-2a92ee1e05ff/name HTTP/1.1
User-Agent: selenium/4.1.2 (java windows)
Cache-Control: no-cache
Content-Type: application/json; charset=utf-8
host: localhost:59607
accept: */*

Response DefaultHttpResponse(decodeResult: success, version: HTTP/1.1)
HTTP/1.1 200 OK
Content-Type: application/json; charset=utf-8
cache-control: no-cache
content-length: 15

13:35:02.112 [AsyncHttpClient-1-2] DEBUG org.asynchttpclient.netty.channel.ChannelManager - Adding key: http://localhost:59607 for channel [id: 0x4782b2c0, L:/127.0.0.1:53059 - R:localhost/127.0.0.1:59607]
13:35:02.115 [Forwarding findElement on session 342c0ebcf361c48fdabd0b96f839de61 to remote] DEBUG org.asynchttpclient.netty.request.NettyRequestSender - Using pooled Channel '[id: 0x4782b2c0, L:/127.0.0.1:53059 - R:localhost/127.0.0.1:59607]' for 'POST' to 'http://localhost:59607/session/342c0ebcf361c48fdabd0b96f839de61/element'
13:35:02.116 [Forwarding findElement on session 342c0ebcf361c48fdabd0b96f839de61 to remote] DEBUG org.asynchttpclient.netty.request.NettyRequestSender - Using open Channel [id: 0x4782b2c0, L:/127.0.0.1:53059 - R:localhost/127.0.0.1:59607] for POST '/session/342c0ebcf361c48fdabd0b96f839de61/element'
13:35:02.130 [AsyncHttpClient-1-2] DEBUG org.asynchttpclient.netty.handler.HttpHandler - 

Request DefaultHttpRequest(decodeResult: success, version: HTTP/1.1)
POST /session/342c0ebcf361c48fdabd0b96f839de61/element HTTP/1.1
User-Agent: selenium/4.1.2 (java windows)
Content-Length: 252
Content-Type: application/json; charset=utf-8
host: localhost:59607
accept: */*

Response DefaultHttpResponse(decodeResult: success, version: HTTP/1.1)
HTTP/1.1 200 OK
Content-Type: application/json; charset=utf-8
cache-control: no-cache
content-length: 88

13:35:02.130 [AsyncHttpClient-1-2] DEBUG org.asynchttpclient.netty.channel.ChannelManager - Adding key: http://localhost:59607 for channel [id: 0x4782b2c0, L:/127.0.0.1:53059 - R:localhost/127.0.0.1:59607]
13:35:02.133 [Forwarding clickElement on session 342c0ebcf361c48fdabd0b96f839de61 to remote] DEBUG org.asynchttpclient.netty.request.NettyRequestSender - Using pooled Channel '[id: 0x4782b2c0, L:/127.0.0.1:53059 - R:localhost/127.0.0.1:59607]' for 'POST' to 'http://localhost:59607/session/342c0ebcf361c48fdabd0b96f839de61/element/ab7feb57-0407-4567-951b-2a92ee1e05ff/click'
13:35:02.133 [Forwarding clickElement on session 342c0ebcf361c48fdabd0b96f839de61 to remote] DEBUG org.asynchttpclient.netty.request.NettyRequestSender - Using open Channel [id: 0x4782b2c0, L:/127.0.0.1:53059 - R:localhost/127.0.0.1:59607] for POST '/session/342c0ebcf361c48fdabd0b96f839de61/element/ab7feb57-0407-4567-951b-2a92ee1e05ff/click'
13:35:02.200 [AsyncHttpClient-1-2] DEBUG org.asynchttpclient.netty.handler.HttpHandler - 

Request DefaultHttpRequest(decodeResult: success, version: HTTP/1.1)
POST /session/342c0ebcf361c48fdabd0b96f839de61/element/ab7feb57-0407-4567-951b-2a92ee1e05ff/click HTTP/1.1
User-Agent: selenium/4.1.2 (java windows)
Content-Length: 50
Content-Type: application/json; charset=utf-8
host: localhost:59607
accept: */*

Response DefaultHttpResponse(decodeResult: success, version: HTTP/1.1)
HTTP/1.1 200 OK
Content-Type: application/json; charset=utf-8
cache-control: no-cache
content-length: 14

13:35:02.200 [AsyncHttpClient-1-2] DEBUG org.asynchttpclient.netty.channel.ChannelManager - Adding key: http://localhost:59607 for channel [id: 0x4782b2c0, L:/127.0.0.1:53059 - R:localhost/127.0.0.1:59607]
13:35:02.207 [Forwarding findElement on session 342c0ebcf361c48fdabd0b96f839de61 to remote] DEBUG org.asynchttpclient.netty.request.NettyRequestSender - Using pooled Channel '[id: 0x4782b2c0, L:/127.0.0.1:53059 - R:localhost/127.0.0.1:59607]' for 'POST' to 'http://localhost:59607/session/342c0ebcf361c48fdabd0b96f839de61/element'
13:35:02.207 [Forwarding findElement on session 342c0ebcf361c48fdabd0b96f839de61 to remote] DEBUG org.asynchttpclient.netty.request.NettyRequestSender - Using open Channel [id: 0x4782b2c0, L:/127.0.0.1:53059 - R:localhost/127.0.0.1:59607] for POST '/session/342c0ebcf361c48fdabd0b96f839de61/element'
13:35:02.221 [AsyncHttpClient-1-2] DEBUG org.asynchttpclient.netty.handler.HttpHandler - 

Request DefaultHttpRequest(decodeResult: success, version: HTTP/1.1)
POST /session/342c0ebcf361c48fdabd0b96f839de61/element HTTP/1.1
User-Agent: selenium/4.1.2 (java windows)
Content-Length: 252
Content-Type: application/json; charset=utf-8
host: localhost:59607
accept: */*

Response DefaultHttpResponse(decodeResult: success, version: HTTP/1.1)
HTTP/1.1 200 OK
Content-Type: application/json; charset=utf-8
cache-control: no-cache
content-length: 88

13:35:02.221 [AsyncHttpClient-1-2] DEBUG org.asynchttpclient.netty.channel.ChannelManager - Adding key: http://localhost:59607 for channel [id: 0x4782b2c0, L:/127.0.0.1:53059 - R:localhost/127.0.0.1:59607]
13:35:02.224 [Forwarding getElementTagName on session 342c0ebcf361c48fdabd0b96f839de61 to remote] DEBUG org.asynchttpclient.netty.request.NettyRequestSender - Using pooled Channel '[id: 0x4782b2c0, L:/127.0.0.1:53059 - R:localhost/127.0.0.1:59607]' for 'GET' to 'http://localhost:59607/session/342c0ebcf361c48fdabd0b96f839de61/element/ab7feb57-0407-4567-951b-2a92ee1e05ff/name'
13:35:02.225 [Forwarding getElementTagName on session 342c0ebcf361c48fdabd0b96f839de61 to remote] DEBUG org.asynchttpclient.netty.request.NettyRequestSender - Using open Channel [id: 0x4782b2c0, L:/127.0.0.1:53059 - R:localhost/127.0.0.1:59607] for GET '/session/342c0ebcf361c48fdabd0b96f839de61/element/ab7feb57-0407-4567-951b-2a92ee1e05ff/name'
13:35:02.232 [AsyncHttpClient-1-2] DEBUG org.asynchttpclient.netty.handler.HttpHandler - 

Request DefaultFullHttpRequest(decodeResult: success, version: HTTP/1.1, content: EmptyByteBufBE)
GET /session/342c0ebcf361c48fdabd0b96f839de61/element/ab7feb57-0407-4567-951b-2a92ee1e05ff/name HTTP/1.1
User-Agent: selenium/4.1.2 (java windows)
Cache-Control: no-cache
Content-Type: application/json; charset=utf-8
host: localhost:59607
accept: */*

Response DefaultHttpResponse(decodeResult: success, version: HTTP/1.1)
HTTP/1.1 200 OK
Content-Type: application/json; charset=utf-8
cache-control: no-cache
content-length: 15

13:35:02.232 [AsyncHttpClient-1-2] DEBUG org.asynchttpclient.netty.channel.ChannelManager - Adding key: http://localhost:59607 for channel [id: 0x4782b2c0, L:/127.0.0.1:53059 - R:localhost/127.0.0.1:59607]
13:35:02.234 [Forwarding getElementTagName on session 342c0ebcf361c48fdabd0b96f839de61 to remote] DEBUG org.asynchttpclient.netty.request.NettyRequestSender - Using pooled Channel '[id: 0x4782b2c0, L:/127.0.0.1:53059 - R:localhost/127.0.0.1:59607]' for 'GET' to 'http://localhost:59607/session/342c0ebcf361c48fdabd0b96f839de61/element/ab7feb57-0407-4567-951b-2a92ee1e05ff/name'
13:35:02.234 [Forwarding getElementTagName on session 342c0ebcf361c48fdabd0b96f839de61 to remote] DEBUG org.asynchttpclient.netty.request.NettyRequestSender - Using open Channel [id: 0x4782b2c0, L:/127.0.0.1:53059 - R:localhost/127.0.0.1:59607] for GET '/session/342c0ebcf361c48fdabd0b96f839de61/element/ab7feb57-0407-4567-951b-2a92ee1e05ff/name'
13:35:02.237 [AsyncHttpClient-1-2] DEBUG org.asynchttpclient.netty.handler.HttpHandler - 

Request DefaultFullHttpRequest(decodeResult: success, version: HTTP/1.1, content: EmptyByteBufBE)
GET /session/342c0ebcf361c48fdabd0b96f839de61/element/ab7feb57-0407-4567-951b-2a92ee1e05ff/name HTTP/1.1
User-Agent: selenium/4.1.2 (java windows)
Cache-Control: no-cache
Content-Type: application/json; charset=utf-8
host: localhost:59607
accept: */*

Response DefaultHttpResponse(decodeResult: success, version: HTTP/1.1)
HTTP/1.1 200 OK
Content-Type: application/json; charset=utf-8
cache-control: no-cache
content-length: 15

13:35:02.238 [AsyncHttpClient-1-2] DEBUG org.asynchttpclient.netty.channel.ChannelManager - Adding key: http://localhost:59607 for channel [id: 0x4782b2c0, L:/127.0.0.1:53059 - R:localhost/127.0.0.1:59607]
13:35:02.242 [Forwarding findElement on session 342c0ebcf361c48fdabd0b96f839de61 to remote] DEBUG org.asynchttpclient.netty.request.NettyRequestSender - Using pooled Channel '[id: 0x4782b2c0, L:/127.0.0.1:53059 - R:localhost/127.0.0.1:59607]' for 'POST' to 'http://localhost:59607/session/342c0ebcf361c48fdabd0b96f839de61/element'
13:35:02.242 [Forwarding findElement on session 342c0ebcf361c48fdabd0b96f839de61 to remote] DEBUG org.asynchttpclient.netty.request.NettyRequestSender - Using open Channel [id: 0x4782b2c0, L:/127.0.0.1:53059 - R:localhost/127.0.0.1:59607] for POST '/session/342c0ebcf361c48fdabd0b96f839de61/element'
13:35:02.252 [AsyncHttpClient-1-2] DEBUG org.asynchttpclient.netty.handler.HttpHandler - 

Request DefaultHttpRequest(decodeResult: success, version: HTTP/1.1)
POST /session/342c0ebcf361c48fdabd0b96f839de61/element HTTP/1.1
User-Agent: selenium/4.1.2 (java windows)
Content-Length: 252
Content-Type: application/json; charset=utf-8
host: localhost:59607
accept: */*

Response DefaultHttpResponse(decodeResult: success, version: HTTP/1.1)
HTTP/1.1 200 OK
Content-Type: application/json; charset=utf-8
cache-control: no-cache
content-length: 88

13:35:02.252 [AsyncHttpClient-1-2] DEBUG org.asynchttpclient.netty.channel.ChannelManager - Adding key: http://localhost:59607 for channel [id: 0x4782b2c0, L:/127.0.0.1:53059 - R:localhost/127.0.0.1:59607]
13:35:02.254 [Forwarding clickElement on session 342c0ebcf361c48fdabd0b96f839de61 to remote] DEBUG org.asynchttpclient.netty.request.NettyRequestSender - Using pooled Channel '[id: 0x4782b2c0, L:/127.0.0.1:53059 - R:localhost/127.0.0.1:59607]' for 'POST' to 'http://localhost:59607/session/342c0ebcf361c48fdabd0b96f839de61/element/ab7feb57-0407-4567-951b-2a92ee1e05ff/click'
13:35:02.255 [Forwarding clickElement on session 342c0ebcf361c48fdabd0b96f839de61 to remote] DEBUG org.asynchttpclient.netty.request.NettyRequestSender - Using open Channel [id: 0x4782b2c0, L:/127.0.0.1:53059 - R:localhost/127.0.0.1:59607] for POST '/session/342c0ebcf361c48fdabd0b96f839de61/element/ab7feb57-0407-4567-951b-2a92ee1e05ff/click'
13:35:02.328 [AsyncHttpClient-1-2] DEBUG org.asynchttpclient.netty.handler.HttpHandler - 

Request DefaultHttpRequest(decodeResult: success, version: HTTP/1.1)
POST /session/342c0ebcf361c48fdabd0b96f839de61/element/ab7feb57-0407-4567-951b-2a92ee1e05ff/click HTTP/1.1
User-Agent: selenium/4.1.2 (java windows)
Content-Length: 50
Content-Type: application/json; charset=utf-8
host: localhost:59607
accept: */*

Response DefaultHttpResponse(decodeResult: success, version: HTTP/1.1)
HTTP/1.1 200 OK
Content-Type: application/json; charset=utf-8
cache-control: no-cache
content-length: 14

13:35:02.329 [AsyncHttpClient-1-2] DEBUG org.asynchttpclient.netty.channel.ChannelManager - Adding key: http://localhost:59607 for channel [id: 0x4782b2c0, L:/127.0.0.1:53059 - R:localhost/127.0.0.1:59607]
13:35:02.337 [Forwarding findElement on session 342c0ebcf361c48fdabd0b96f839de61 to remote] DEBUG org.asynchttpclient.netty.request.NettyRequestSender - Using pooled Channel '[id: 0x4782b2c0, L:/127.0.0.1:53059 - R:localhost/127.0.0.1:59607]' for 'POST' to 'http://localhost:59607/session/342c0ebcf361c48fdabd0b96f839de61/element'
13:35:02.337 [Forwarding findElement on session 342c0ebcf361c48fdabd0b96f839de61 to remote] DEBUG org.asynchttpclient.netty.request.NettyRequestSender - Using open Channel [id: 0x4782b2c0, L:/127.0.0.1:53059 - R:localhost/127.0.0.1:59607] for POST '/session/342c0ebcf361c48fdabd0b96f839de61/element'
13:35:02.351 [AsyncHttpClient-1-2] DEBUG org.asynchttpclient.netty.handler.HttpHandler - 

Request DefaultHttpRequest(decodeResult: success, version: HTTP/1.1)
POST /session/342c0ebcf361c48fdabd0b96f839de61/element HTTP/1.1
User-Agent: selenium/4.1.2 (java windows)
Content-Length: 252
Content-Type: application/json; charset=utf-8
host: localhost:59607
accept: */*

Response DefaultHttpResponse(decodeResult: success, version: HTTP/1.1)
HTTP/1.1 200 OK
Content-Type: application/json; charset=utf-8
cache-control: no-cache
content-length: 88

13:35:02.351 [AsyncHttpClient-1-2] DEBUG org.asynchttpclient.netty.channel.ChannelManager - Adding key: http://localhost:59607 for channel [id: 0x4782b2c0, L:/127.0.0.1:53059 - R:localhost/127.0.0.1:59607]
13:35:02.354 [Forwarding getElementTagName on session 342c0ebcf361c48fdabd0b96f839de61 to remote] DEBUG org.asynchttpclient.netty.request.NettyRequestSender - Using pooled Channel '[id: 0x4782b2c0, L:/127.0.0.1:53059 - R:localhost/127.0.0.1:59607]' for 'GET' to 'http://localhost:59607/session/342c0ebcf361c48fdabd0b96f839de61/element/ab7feb57-0407-4567-951b-2a92ee1e05ff/name'
13:35:02.354 [Forwarding getElementTagName on session 342c0ebcf361c48fdabd0b96f839de61 to remote] DEBUG org.asynchttpclient.netty.request.NettyRequestSender - Using open Channel [id: 0x4782b2c0, L:/127.0.0.1:53059 - R:localhost/127.0.0.1:59607] for GET '/session/342c0ebcf361c48fdabd0b96f839de61/element/ab7feb57-0407-4567-951b-2a92ee1e05ff/name'
13:35:02.358 [AsyncHttpClient-1-2] DEBUG org.asynchttpclient.netty.handler.HttpHandler - 

Request DefaultFullHttpRequest(decodeResult: success, version: HTTP/1.1, content: EmptyByteBufBE)
GET /session/342c0ebcf361c48fdabd0b96f839de61/element/ab7feb57-0407-4567-951b-2a92ee1e05ff/name HTTP/1.1
User-Agent: selenium/4.1.2 (java windows)
Cache-Control: no-cache
Content-Type: application/json; charset=utf-8
host: localhost:59607
accept: */*

Response DefaultHttpResponse(decodeResult: success, version: HTTP/1.1)
HTTP/1.1 200 OK
Content-Type: application/json; charset=utf-8
cache-control: no-cache
content-length: 15

13:35:02.358 [AsyncHttpClient-1-2] DEBUG org.asynchttpclient.netty.channel.ChannelManager - Adding key: http://localhost:59607 for channel [id: 0x4782b2c0, L:/127.0.0.1:53059 - R:localhost/127.0.0.1:59607]
13:35:02.361 [Forwarding getElementTagName on session 342c0ebcf361c48fdabd0b96f839de61 to remote] DEBUG org.asynchttpclient.netty.request.NettyRequestSender - Using pooled Channel '[id: 0x4782b2c0, L:/127.0.0.1:53059 - R:localhost/127.0.0.1:59607]' for 'GET' to 'http://localhost:59607/session/342c0ebcf361c48fdabd0b96f839de61/element/ab7feb57-0407-4567-951b-2a92ee1e05ff/name'
13:35:02.361 [Forwarding getElementTagName on session 342c0ebcf361c48fdabd0b96f839de61 to remote] DEBUG org.asynchttpclient.netty.request.NettyRequestSender - Using open Channel [id: 0x4782b2c0, L:/127.0.0.1:53059 - R:localhost/127.0.0.1:59607] for GET '/session/342c0ebcf361c48fdabd0b96f839de61/element/ab7feb57-0407-4567-951b-2a92ee1e05ff/name'
13:35:02.365 [AsyncHttpClient-1-2] DEBUG org.asynchttpclient.netty.handler.HttpHandler - 

Request DefaultFullHttpRequest(decodeResult: success, version: HTTP/1.1, content: EmptyByteBufBE)
GET /session/342c0ebcf361c48fdabd0b96f839de61/element/ab7feb57-0407-4567-951b-2a92ee1e05ff/name HTTP/1.1
User-Agent: selenium/4.1.2 (java windows)
Cache-Control: no-cache
Content-Type: application/json; charset=utf-8
host: localhost:59607
accept: */*

Response DefaultHttpResponse(decodeResult: success, version: HTTP/1.1)
HTTP/1.1 200 OK
Content-Type: application/json; charset=utf-8
cache-control: no-cache
content-length: 15

13:35:02.366 [AsyncHttpClient-1-2] DEBUG org.asynchttpclient.netty.channel.ChannelManager - Adding key: http://localhost:59607 for channel [id: 0x4782b2c0, L:/127.0.0.1:53059 - R:localhost/127.0.0.1:59607]
13:35:02.369 [Forwarding findElement on session 342c0ebcf361c48fdabd0b96f839de61 to remote] DEBUG org.asynchttpclient.netty.request.NettyRequestSender - Using pooled Channel '[id: 0x4782b2c0, L:/127.0.0.1:53059 - R:localhost/127.0.0.1:59607]' for 'POST' to 'http://localhost:59607/session/342c0ebcf361c48fdabd0b96f839de61/element'
13:35:02.369 [Forwarding findElement on session 342c0ebcf361c48fdabd0b96f839de61 to remote] DEBUG org.asynchttpclient.netty.request.NettyRequestSender - Using open Channel [id: 0x4782b2c0, L:/127.0.0.1:53059 - R:localhost/127.0.0.1:59607] for POST '/session/342c0ebcf361c48fdabd0b96f839de61/element'
13:35:02.381 [AsyncHttpClient-1-2] DEBUG org.asynchttpclient.netty.handler.HttpHandler - 

Request DefaultHttpRequest(decodeResult: success, version: HTTP/1.1)
POST /session/342c0ebcf361c48fdabd0b96f839de61/element HTTP/1.1
User-Agent: selenium/4.1.2 (java windows)
Content-Length: 252
Content-Type: application/json; charset=utf-8
host: localhost:59607
accept: */*

Response DefaultHttpResponse(decodeResult: success, version: HTTP/1.1)
HTTP/1.1 200 OK
Content-Type: application/json; charset=utf-8
cache-control: no-cache
content-length: 88

13:35:02.381 [AsyncHttpClient-1-2] DEBUG org.asynchttpclient.netty.channel.ChannelManager - Adding key: http://localhost:59607 for channel [id: 0x4782b2c0, L:/127.0.0.1:53059 - R:localhost/127.0.0.1:59607]
13:35:02.384 [Forwarding clickElement on session 342c0ebcf361c48fdabd0b96f839de61 to remote] DEBUG org.asynchttpclient.netty.request.NettyRequestSender - Using pooled Channel '[id: 0x4782b2c0, L:/127.0.0.1:53059 - R:localhost/127.0.0.1:59607]' for 'POST' to 'http://localhost:59607/session/342c0ebcf361c48fdabd0b96f839de61/element/ab7feb57-0407-4567-951b-2a92ee1e05ff/click'
13:35:02.384 [Forwarding clickElement on session 342c0ebcf361c48fdabd0b96f839de61 to remote] DEBUG org.asynchttpclient.netty.request.NettyRequestSender - Using open Channel [id: 0x4782b2c0, L:/127.0.0.1:53059 - R:localhost/127.0.0.1:59607] for POST '/session/342c0ebcf361c48fdabd0b96f839de61/element/ab7feb57-0407-4567-951b-2a92ee1e05ff/click'
13:35:02.442 [AsyncHttpClient-1-1] DEBUG org.asynchttpclient.netty.channel.DefaultChannelPool - Entry count for : http://localhost:53061 : 1
13:35:02.448 [AsyncHttpClient-1-2] DEBUG org.asynchttpclient.netty.handler.HttpHandler - 

Request DefaultHttpRequest(decodeResult: success, version: HTTP/1.1)
POST /session/342c0ebcf361c48fdabd0b96f839de61/element/ab7feb57-0407-4567-951b-2a92ee1e05ff/click HTTP/1.1
User-Agent: selenium/4.1.2 (java windows)
Content-Length: 50
Content-Type: application/json; charset=utf-8
host: localhost:59607
accept: */*

Response DefaultHttpResponse(decodeResult: success, version: HTTP/1.1)
HTTP/1.1 200 OK
Content-Type: application/json; charset=utf-8
cache-control: no-cache
content-length: 14

13:35:02.448 [AsyncHttpClient-1-2] DEBUG org.asynchttpclient.netty.channel.ChannelManager - Adding key: http://localhost:59607 for channel [id: 0x4782b2c0, L:/127.0.0.1:53059 - R:localhost/127.0.0.1:59607]
13:35:02.456 [Forwarding findElement on session 342c0ebcf361c48fdabd0b96f839de61 to remote] DEBUG org.asynchttpclient.netty.request.NettyRequestSender - Using pooled Channel '[id: 0x4782b2c0, L:/127.0.0.1:53059 - R:localhost/127.0.0.1:59607]' for 'POST' to 'http://localhost:59607/session/342c0ebcf361c48fdabd0b96f839de61/element'
13:35:02.456 [Forwarding findElement on session 342c0ebcf361c48fdabd0b96f839de61 to remote] DEBUG org.asynchttpclient.netty.request.NettyRequestSender - Using open Channel [id: 0x4782b2c0, L:/127.0.0.1:53059 - R:localhost/127.0.0.1:59607] for POST '/session/342c0ebcf361c48fdabd0b96f839de61/element'
13:35:02.471 [AsyncHttpClient-1-2] DEBUG org.asynchttpclient.netty.handler.HttpHandler - 

Request DefaultHttpRequest(decodeResult: success, version: HTTP/1.1)
POST /session/342c0ebcf361c48fdabd0b96f839de61/element HTTP/1.1
User-Agent: selenium/4.1.2 (java windows)
Content-Length: 252
Content-Type: application/json; charset=utf-8
host: localhost:59607
accept: */*

Response DefaultHttpResponse(decodeResult: success, version: HTTP/1.1)
HTTP/1.1 200 OK
Content-Type: application/json; charset=utf-8
cache-control: no-cache
content-length: 88

13:35:02.471 [AsyncHttpClient-1-2] DEBUG org.asynchttpclient.netty.channel.ChannelManager - Adding key: http://localhost:59607 for channel [id: 0x4782b2c0, L:/127.0.0.1:53059 - R:localhost/127.0.0.1:59607]
13:35:02.473 [Forwarding getElementTagName on session 342c0ebcf361c48fdabd0b96f839de61 to remote] DEBUG org.asynchttpclient.netty.request.NettyRequestSender - Using pooled Channel '[id: 0x4782b2c0, L:/127.0.0.1:53059 - R:localhost/127.0.0.1:59607]' for 'GET' to 'http://localhost:59607/session/342c0ebcf361c48fdabd0b96f839de61/element/ab7feb57-0407-4567-951b-2a92ee1e05ff/name'
13:35:02.473 [Forwarding getElementTagName on session 342c0ebcf361c48fdabd0b96f839de61 to remote] DEBUG org.asynchttpclient.netty.request.NettyRequestSender - Using open Channel [id: 0x4782b2c0, L:/127.0.0.1:53059 - R:localhost/127.0.0.1:59607] for GET '/session/342c0ebcf361c48fdabd0b96f839de61/element/ab7feb57-0407-4567-951b-2a92ee1e05ff/name'
13:35:02.479 [AsyncHttpClient-1-2] DEBUG org.asynchttpclient.netty.handler.HttpHandler - 

Request DefaultFullHttpRequest(decodeResult: success, version: HTTP/1.1, content: EmptyByteBufBE)
GET /session/342c0ebcf361c48fdabd0b96f839de61/element/ab7feb57-0407-4567-951b-2a92ee1e05ff/name HTTP/1.1
User-Agent: selenium/4.1.2 (java windows)
Cache-Control: no-cache
Content-Type: application/json; charset=utf-8
host: localhost:59607
accept: */*

Response DefaultHttpResponse(decodeResult: success, version: HTTP/1.1)
HTTP/1.1 200 OK
Content-Type: application/json; charset=utf-8
cache-control: no-cache
content-length: 15

13:35:02.480 [AsyncHttpClient-1-2] DEBUG org.asynchttpclient.netty.channel.ChannelManager - Adding key: http://localhost:59607 for channel [id: 0x4782b2c0, L:/127.0.0.1:53059 - R:localhost/127.0.0.1:59607]
13:35:02.482 [Forwarding getElementTagName on session 342c0ebcf361c48fdabd0b96f839de61 to remote] DEBUG org.asynchttpclient.netty.request.NettyRequestSender - Using pooled Channel '[id: 0x4782b2c0, L:/127.0.0.1:53059 - R:localhost/127.0.0.1:59607]' for 'GET' to 'http://localhost:59607/session/342c0ebcf361c48fdabd0b96f839de61/element/ab7feb57-0407-4567-951b-2a92ee1e05ff/name'
13:35:02.482 [Forwarding getElementTagName on session 342c0ebcf361c48fdabd0b96f839de61 to remote] DEBUG org.asynchttpclient.netty.request.NettyRequestSender - Using open Channel [id: 0x4782b2c0, L:/127.0.0.1:53059 - R:localhost/127.0.0.1:59607] for GET '/session/342c0ebcf361c48fdabd0b96f839de61/element/ab7feb57-0407-4567-951b-2a92ee1e05ff/name'
13:35:02.485 [AsyncHttpClient-1-2] DEBUG org.asynchttpclient.netty.handler.HttpHandler - 

Request DefaultFullHttpRequest(decodeResult: success, version: HTTP/1.1, content: EmptyByteBufBE)
GET /session/342c0ebcf361c48fdabd0b96f839de61/element/ab7feb57-0407-4567-951b-2a92ee1e05ff/name HTTP/1.1
User-Agent: selenium/4.1.2 (java windows)
Cache-Control: no-cache
Content-Type: application/json; charset=utf-8
host: localhost:59607
accept: */*

Response DefaultHttpResponse(decodeResult: success, version: HTTP/1.1)
HTTP/1.1 200 OK
Content-Type: application/json; charset=utf-8
cache-control: no-cache
content-length: 15

13:35:02.486 [AsyncHttpClient-1-2] DEBUG org.asynchttpclient.netty.channel.ChannelManager - Adding key: http://localhost:59607 for channel [id: 0x4782b2c0, L:/127.0.0.1:53059 - R:localhost/127.0.0.1:59607]
13:35:02.495 [Forwarding findElement on session 342c0ebcf361c48fdabd0b96f839de61 to remote] DEBUG org.asynchttpclient.netty.request.NettyRequestSender - Using pooled Channel '[id: 0x4782b2c0, L:/127.0.0.1:53059 - R:localhost/127.0.0.1:59607]' for 'POST' to 'http://localhost:59607/session/342c0ebcf361c48fdabd0b96f839de61/element'
13:35:02.495 [Forwarding findElement on session 342c0ebcf361c48fdabd0b96f839de61 to remote] DEBUG org.asynchttpclient.netty.request.NettyRequestSender - Using open Channel [id: 0x4782b2c0, L:/127.0.0.1:53059 - R:localhost/127.0.0.1:59607] for POST '/session/342c0ebcf361c48fdabd0b96f839de61/element'
13:35:02.519 [AsyncHttpClient-1-2] DEBUG org.asynchttpclient.netty.handler.HttpHandler - 

Request DefaultHttpRequest(decodeResult: success, version: HTTP/1.1)
POST /session/342c0ebcf361c48fdabd0b96f839de61/element HTTP/1.1
User-Agent: selenium/4.1.2 (java windows)
Content-Length: 252
Content-Type: application/json; charset=utf-8
host: localhost:59607
accept: */*

Response DefaultHttpResponse(decodeResult: success, version: HTTP/1.1)
HTTP/1.1 200 OK
Content-Type: application/json; charset=utf-8
cache-control: no-cache
content-length: 88

13:35:02.520 [AsyncHttpClient-1-2] DEBUG org.asynchttpclient.netty.channel.ChannelManager - Adding key: http://localhost:59607 for channel [id: 0x4782b2c0, L:/127.0.0.1:53059 - R:localhost/127.0.0.1:59607]
13:35:02.523 [Forwarding clickElement on session 342c0ebcf361c48fdabd0b96f839de61 to remote] DEBUG org.asynchttpclient.netty.request.NettyRequestSender - Using pooled Channel '[id: 0x4782b2c0, L:/127.0.0.1:53059 - R:localhost/127.0.0.1:59607]' for 'POST' to 'http://localhost:59607/session/342c0ebcf361c48fdabd0b96f839de61/element/ab7feb57-0407-4567-951b-2a92ee1e05ff/click'
13:35:02.523 [Forwarding clickElement on session 342c0ebcf361c48fdabd0b96f839de61 to remote] DEBUG org.asynchttpclient.netty.request.NettyRequestSender - Using open Channel [id: 0x4782b2c0, L:/127.0.0.1:53059 - R:localhost/127.0.0.1:59607] for POST '/session/342c0ebcf361c48fdabd0b96f839de61/element/ab7feb57-0407-4567-951b-2a92ee1e05ff/click'
13:35:02.666 [AsyncHttpClient-1-2] DEBUG org.asynchttpclient.netty.handler.HttpHandler - 

Request DefaultHttpRequest(decodeResult: success, version: HTTP/1.1)
POST /session/342c0ebcf361c48fdabd0b96f839de61/element/ab7feb57-0407-4567-951b-2a92ee1e05ff/click HTTP/1.1
User-Agent: selenium/4.1.2 (java windows)
Content-Length: 50
Content-Type: application/json; charset=utf-8
host: localhost:59607
accept: */*

Response DefaultHttpResponse(decodeResult: success, version: HTTP/1.1)
HTTP/1.1 200 OK
Content-Type: application/json; charset=utf-8
cache-control: no-cache
content-length: 14

13:35:02.666 [AsyncHttpClient-1-2] DEBUG org.asynchttpclient.netty.channel.ChannelManager - Adding key: http://localhost:59607 for channel [id: 0x4782b2c0, L:/127.0.0.1:53059 - R:localhost/127.0.0.1:59607]
13:35:02.676 [Forwarding findElement on session 342c0ebcf361c48fdabd0b96f839de61 to remote] DEBUG org.asynchttpclient.netty.request.NettyRequestSender - Using pooled Channel '[id: 0x4782b2c0, L:/127.0.0.1:53059 - R:localhost/127.0.0.1:59607]' for 'POST' to 'http://localhost:59607/session/342c0ebcf361c48fdabd0b96f839de61/element'
13:35:02.677 [Forwarding findElement on session 342c0ebcf361c48fdabd0b96f839de61 to remote] DEBUG org.asynchttpclient.netty.request.NettyRequestSender - Using open Channel [id: 0x4782b2c0, L:/127.0.0.1:53059 - R:localhost/127.0.0.1:59607] for POST '/session/342c0ebcf361c48fdabd0b96f839de61/element'
13:35:02.701 [AsyncHttpClient-1-2] DEBUG org.asynchttpclient.netty.handler.HttpHandler - 

Request DefaultHttpRequest(decodeResult: success, version: HTTP/1.1)
POST /session/342c0ebcf361c48fdabd0b96f839de61/element HTTP/1.1
User-Agent: selenium/4.1.2 (java windows)
Content-Length: 252
Content-Type: application/json; charset=utf-8
host: localhost:59607
accept: */*

Response DefaultHttpResponse(decodeResult: success, version: HTTP/1.1)
HTTP/1.1 200 OK
Content-Type: application/json; charset=utf-8
cache-control: no-cache
content-length: 88

13:35:02.701 [AsyncHttpClient-1-2] DEBUG org.asynchttpclient.netty.channel.ChannelManager - Adding key: http://localhost:59607 for channel [id: 0x4782b2c0, L:/127.0.0.1:53059 - R:localhost/127.0.0.1:59607]
13:35:02.705 [Forwarding getElementTagName on session 342c0ebcf361c48fdabd0b96f839de61 to remote] DEBUG org.asynchttpclient.netty.request.NettyRequestSender - Using pooled Channel '[id: 0x4782b2c0, L:/127.0.0.1:53059 - R:localhost/127.0.0.1:59607]' for 'GET' to 'http://localhost:59607/session/342c0ebcf361c48fdabd0b96f839de61/element/ab7feb57-0407-4567-951b-2a92ee1e05ff/name'
13:35:02.705 [Forwarding getElementTagName on session 342c0ebcf361c48fdabd0b96f839de61 to remote] DEBUG org.asynchttpclient.netty.request.NettyRequestSender - Using open Channel [id: 0x4782b2c0, L:/127.0.0.1:53059 - R:localhost/127.0.0.1:59607] for GET '/session/342c0ebcf361c48fdabd0b96f839de61/element/ab7feb57-0407-4567-951b-2a92ee1e05ff/name'
13:35:02.715 [AsyncHttpClient-1-2] DEBUG org.asynchttpclient.netty.handler.HttpHandler - 

Request DefaultFullHttpRequest(decodeResult: success, version: HTTP/1.1, content: EmptyByteBufBE)
GET /session/342c0ebcf361c48fdabd0b96f839de61/element/ab7feb57-0407-4567-951b-2a92ee1e05ff/name HTTP/1.1
User-Agent: selenium/4.1.2 (java windows)
Cache-Control: no-cache
Content-Type: application/json; charset=utf-8
host: localhost:59607
accept: */*

Response DefaultHttpResponse(decodeResult: success, version: HTTP/1.1)
HTTP/1.1 200 OK
Content-Type: application/json; charset=utf-8
cache-control: no-cache
content-length: 15

13:35:02.715 [AsyncHttpClient-1-2] DEBUG org.asynchttpclient.netty.channel.ChannelManager - Adding key: http://localhost:59607 for channel [id: 0x4782b2c0, L:/127.0.0.1:53059 - R:localhost/127.0.0.1:59607]
13:35:02.717 [Forwarding getElementTagName on session 342c0ebcf361c48fdabd0b96f839de61 to remote] DEBUG org.asynchttpclient.netty.request.NettyRequestSender - Using pooled Channel '[id: 0x4782b2c0, L:/127.0.0.1:53059 - R:localhost/127.0.0.1:59607]' for 'GET' to 'http://localhost:59607/session/342c0ebcf361c48fdabd0b96f839de61/element/ab7feb57-0407-4567-951b-2a92ee1e05ff/name'
[...]
13:35:09.401 [AsyncHttpClient-1-5] DEBUG org.asynchttpclient.netty.handler.HttpHandler - 

Request DefaultHttpRequest(decodeResult: success, version: HTTP/1.1)
POST /session/c88e91565b302a9e9662cdeb5b72fbd0/element HTTP/1.1
User-Agent: selenium/4.1.2 (java windows)
Content-Length: 252
Content-Type: application/json; charset=utf-8
host: localhost:62714
accept: */*

Response DefaultHttpResponse(decodeResult: success, version: HTTP/1.1)
HTTP/1.1 200 OK
Content-Type: application/json; charset=utf-8
cache-control: no-cache
content-length: 88

13:35:09.401 [AsyncHttpClient-1-5] DEBUG org.asynchttpclient.netty.channel.ChannelManager - Adding key: http://localhost:62714 for channel [id: 0xfc08f901, L:/127.0.0.1:53139 - R:localhost/127.0.0.1:62714]
13:35:09.403 [Forwarding getElementTagName on session c88e91565b302a9e9662cdeb5b72fbd0 to remote] DEBUG org.asynchttpclient.netty.request.NettyRequestSender - Using pooled Channel '[id: 0xfc08f901, L:/127.0.0.1:53139 - R:localhost/127.0.0.1:62714]' for 'GET' to 'http://localhost:62714/session/c88e91565b302a9e9662cdeb5b72fbd0/element/75b5b93b-107e-4c24-b3bb-c8342c6426b4/name'
13:35:09.403 [Forwarding getElementTagName on session c88e91565b302a9e9662cdeb5b72fbd0 to remote] DEBUG org.asynchttpclient.netty.request.NettyRequestSender - Using open Channel [id: 0xfc08f901, L:/127.0.0.1:53139 - R:localhost/127.0.0.1:62714] for GET '/session/c88e91565b302a9e9662cdeb5b72fbd0/element/75b5b93b-107e-4c24-b3bb-c8342c6426b4/name'
13:35:09.410 [AsyncHttpClient-1-5] DEBUG org.asynchttpclient.netty.handler.HttpHandler - 

Request DefaultFullHttpRequest(decodeResult: success, version: HTTP/1.1, content: EmptyByteBufBE)
GET /session/c88e91565b302a9e9662cdeb5b72fbd0/element/75b5b93b-107e-4c24-b3bb-c8342c6426b4/name HTTP/1.1
User-Agent: selenium/4.1.2 (java windows)
Cache-Control: no-cache
Content-Type: application/json; charset=utf-8
host: localhost:62714
accept: */*

Response DefaultHttpResponse(decodeResult: success, version: HTTP/1.1)
HTTP/1.1 200 OK
Content-Type: application/json; charset=utf-8
cache-control: no-cache
content-length: 15

13:35:09.410 [AsyncHttpClient-1-5] DEBUG org.asynchttpclient.netty.channel.ChannelManager - Adding key: http://localhost:62714 for channel [id: 0xfc08f901, L:/127.0.0.1:53139 - R:localhost/127.0.0.1:62714]
13:35:09.412 [Forwarding getElementTagName on session c88e91565b302a9e9662cdeb5b72fbd0 to remote] DEBUG org.asynchttpclient.netty.request.NettyRequestSender - Using pooled Channel '[id: 0xfc08f901, L:/127.0.0.1:53139 - R:localhost/127.0.0.1:62714]' for 'GET' to 'http://localhost:62714/session/c88e91565b302a9e9662cdeb5b72fbd0/element/75b5b93b-107e-4c24-b3bb-c8342c6426b4/name'
13:35:09.412 [Forwarding getElementTagName on session c88e91565b302a9e9662cdeb5b72fbd0 to remote] DEBUG org.asynchttpclient.netty.request.NettyRequestSender - Using open Channel [id: 0xfc08f901, L:/127.0.0.1:53139 - R:localhost/127.0.0.1:62714] for GET '/session/c88e91565b302a9e9662cdeb5b72fbd0/element/75b5b93b-107e-4c24-b3bb-c8342c6426b4/name'
13:35:09.415 [AsyncHttpClient-1-5] DEBUG org.asynchttpclient.netty.handler.HttpHandler - 

Request DefaultFullHttpRequest(decodeResult: success, version: HTTP/1.1, content: EmptyByteBufBE)
GET /session/c88e91565b302a9e9662cdeb5b72fbd0/element/75b5b93b-107e-4c24-b3bb-c8342c6426b4/name HTTP/1.1
User-Agent: selenium/4.1.2 (java windows)
Cache-Control: no-cache
Content-Type: application/json; charset=utf-8
host: localhost:62714
accept: */*

Response DefaultHttpResponse(decodeResult: success, version: HTTP/1.1)
HTTP/1.1 200 OK
Content-Type: application/json; charset=utf-8
cache-control: no-cache
content-length: 15

13:35:09.415 [AsyncHttpClient-1-5] DEBUG org.asynchttpclient.netty.channel.ChannelManager - Adding key: http://localhost:62714 for channel [id: 0xfc08f901, L:/127.0.0.1:53139 - R:localhost/127.0.0.1:62714]
13:35:09.417 [Forwarding findElement on session c88e91565b302a9e9662cdeb5b72fbd0 to remote] DEBUG org.asynchttpclient.netty.request.NettyRequestSender - Using pooled Channel '[id: 0xfc08f901, L:/127.0.0.1:53139 - R:localhost/127.0.0.1:62714]' for 'POST' to 'http://localhost:62714/session/c88e91565b302a9e9662cdeb5b72fbd0/element'
13:35:09.417 [Forwarding findElement on session c88e91565b302a9e9662cdeb5b72fbd0 to remote] DEBUG org.asynchttpclient.netty.request.NettyRequestSender - Using open Channel [id: 0xfc08f901, L:/127.0.0.1:53139 - R:localhost/127.0.0.1:62714] for POST '/session/c88e91565b302a9e9662cdeb5b72fbd0/element'
13:35:09.437 [AsyncHttpClient-1-5] DEBUG org.asynchttpclient.netty.handler.HttpHandler - 

Request DefaultHttpRequest(decodeResult: success, version: HTTP/1.1)
POST /session/c88e91565b302a9e9662cdeb5b72fbd0/element HTTP/1.1
User-Agent: selenium/4.1.2 (java windows)
Content-Length: 252
Content-Type: application/json; charset=utf-8
host: localhost:62714
accept: */*

Response DefaultHttpResponse(decodeResult: success, version: HTTP/1.1)
HTTP/1.1 200 OK
Content-Type: application/json; charset=utf-8
cache-control: no-cache
content-length: 88

13:35:09.437 [AsyncHttpClient-1-5] DEBUG org.asynchttpclient.netty.channel.ChannelManager - Adding key: http://localhost:62714 for channel [id: 0xfc08f901, L:/127.0.0.1:53139 - R:localhost/127.0.0.1:62714]
13:35:09.442 [Forwarding clickElement on session c88e91565b302a9e9662cdeb5b72fbd0 to remote] DEBUG org.asynchttpclient.netty.request.NettyRequestSender - Using pooled Channel '[id: 0xfc08f901, L:/127.0.0.1:53139 - R:localhost/127.0.0.1:62714]' for 'POST' to 'http://localhost:62714/session/c88e91565b302a9e9662cdeb5b72fbd0/element/75b5b93b-107e-4c24-b3bb-c8342c6426b4/click'
13:35:09.442 [Forwarding clickElement on session c88e91565b302a9e9662cdeb5b72fbd0 to remote] DEBUG org.asynchttpclient.netty.request.NettyRequestSender - Using open Channel [id: 0xfc08f901, L:/127.0.0.1:53139 - R:localhost/127.0.0.1:62714] for POST '/session/c88e91565b302a9e9662cdeb5b72fbd0/element/75b5b93b-107e-4c24-b3bb-c8342c6426b4/click'
13:35:09.567 [AsyncHttpClient-1-5] DEBUG org.asynchttpclient.netty.handler.HttpHandler - 

Request DefaultHttpRequest(decodeResult: success, version: HTTP/1.1)
POST /session/c88e91565b302a9e9662cdeb5b72fbd0/element/75b5b93b-107e-4c24-b3bb-c8342c6426b4/click HTTP/1.1
User-Agent: selenium/4.1.2 (java windows)
Content-Length: 50
Content-Type: application/json; charset=utf-8
host: localhost:62714
accept: */*

Response DefaultHttpResponse(decodeResult: success, version: HTTP/1.1)
HTTP/1.1 200 OK
Content-Type: application/json; charset=utf-8
cache-control: no-cache
content-length: 14

13:35:09.567 [AsyncHttpClient-1-5] DEBUG org.asynchttpclient.netty.channel.ChannelManager - Adding key: http://localhost:62714 for channel [id: 0xfc08f901, L:/127.0.0.1:53139 - R:localhost/127.0.0.1:62714]
  &amp#27;[32mAnd &amp#27;[0m&amp#27;[32mI click penumpang dewasa until &amp#27;[0m&amp#27;[32m&amp#27;[1m"1"&amp#27;[0m              &amp#27;[90m# starter.stepdefinitions.TiketPesawatStep.iClickPenumpangDewasaUntil(java.lang.String)&amp#27;[0m
13:35:09.579 [Forwarding screenshot on session c88e91565b302a9e9662cdeb5b72fbd0 to remote] DEBUG org.asynchttpclient.netty.request.NettyRequestSender - Using pooled Channel '[id: 0xfc08f901, L:/127.0.0.1:53139 - R:localhost/127.0.0.1:62714]' for 'GET' to 'http://localhost:62714/session/c88e91565b302a9e9662cdeb5b72fbd0/screenshot'
13:35:09.579 [Forwarding screenshot on session c88e91565b302a9e9662cdeb5b72fbd0 to remote] DEBUG org.asynchttpclient.netty.request.NettyRequestSender - Using open Channel [id: 0xfc08f901, L:/127.0.0.1:53139 - R:localhost/127.0.0.1:62714] for GET '/session/c88e91565b302a9e9662cdeb5b72fbd0/screenshot'
13:35:09.767 [AsyncHttpClient-1-5] DEBUG org.asynchttpclient.netty.handler.HttpHandler - 

Request DefaultFullHttpRequest(decodeResult: success, version: HTTP/1.1, content: EmptyByteBufBE)
GET /session/c88e91565b302a9e9662cdeb5b72fbd0/screenshot HTTP/1.1
User-Agent: selenium/4.1.2 (java windows)
Cache-Control: no-cache
Content-Type: application/json; charset=utf-8
host: localhost:62714
accept: */*

Response DefaultHttpResponse(decodeResult: success, version: HTTP/1.1)
HTTP/1.1 200 OK
Content-Type: application/json; charset=utf-8
cache-control: no-cache
content-length: 272164

13:35:09.769 [AsyncHttpClient-1-5] DEBUG org.asynchttpclient.netty.channel.ChannelManager - Adding key: http://localhost:62714 for channel [id: 0xfc08f901, L:/127.0.0.1:53139 - R:localhost/127.0.0.1:62714]
13:35:09.793 [main] DEBUG net.serenitybdd.core.photography.Darkroom - Send negative for processing for target\site\serenity\613eb5e4c8a3231a88597b90f25fbfb9fcad8e4f46972a81a961813fa3391590.png
13:35:09.794 [Darkroom Processing Line] DEBUG net.serenitybdd.core.photography.DarkroomProcessingLine - Processing screenshot image in /var/screenshots/screenshot-47990713441202410
13:35:09.794 [Darkroom Processing Line] DEBUG net.serenitybdd.core.photography.DarkroomProcessingLine - Saving screenshot to target\site\serenity\613eb5e4c8a3231a88597b90f25fbfb9fcad8e4f46972a81a961813fa3391590.png
13:35:09.803 [Forwarding findElement on session c88e91565b302a9e9662cdeb5b72fbd0 to remote] DEBUG org.asynchttpclient.netty.request.NettyRequestSender - Using pooled Channel '[id: 0xfc08f901, L:/127.0.0.1:53139 - R:localhost/127.0.0.1:62714]' for 'POST' to 'http://localhost:62714/session/c88e91565b302a9e9662cdeb5b72fbd0/element'
13:35:09.804 [Forwarding findElement on session c88e91565b302a9e9662cdeb5b72fbd0 to remote] DEBUG org.asynchttpclient.netty.request.NettyRequestSender - Using open Channel [id: 0xfc08f901, L:/127.0.0.1:53139 - R:localhost/127.0.0.1:62714] for POST '/session/c88e91565b302a9e9662cdeb5b72fbd0/element'
13:35:09.826 [AsyncHttpClient-1-5] DEBUG org.asynchttpclient.netty.handler.HttpHandler - 

Request DefaultHttpRequest(decodeResult: success, version: HTTP/1.1)
POST /session/c88e91565b302a9e9662cdeb5b72fbd0/element HTTP/1.1
User-Agent: selenium/4.1.2 (java windows)
Content-Length: 99
Content-Type: application/json; charset=utf-8
host: localhost:62714
accept: */*

Response DefaultHttpResponse(decodeResult: success, version: HTTP/1.1)
HTTP/1.1 200 OK
Content-Type: application/json; charset=utf-8
cache-control: no-cache
content-length: 88

13:35:09.826 [AsyncHttpClient-1-5] DEBUG org.asynchttpclient.netty.channel.ChannelManager - Adding key: http://localhost:62714 for channel [id: 0xfc08f901, L:/127.0.0.1:53139 - R:localhost/127.0.0.1:62714]
13:35:09.834 [Forwarding isElementDisplayed on session c88e91565b302a9e9662cdeb5b72fbd0 to remote] DEBUG org.asynchttpclient.netty.request.NettyRequestSender - Using pooled Channel '[id: 0xfc08f901, L:/127.0.0.1:53139 - R:localhost/127.0.0.1:62714]' for 'POST' to 'http://localhost:62714/session/c88e91565b302a9e9662cdeb5b72fbd0/execute/sync'
13:35:09.834 [Forwarding isElementDisplayed on session c88e91565b302a9e9662cdeb5b72fbd0 to remote] DEBUG org.asynchttpclient.netty.request.NettyRequestSender - Using open Channel [id: 0xfc08f901, L:/127.0.0.1:53139 - R:localhost/127.0.0.1:62714] for POST '/session/c88e91565b302a9e9662cdeb5b72fbd0/execute/sync'
13:35:09.882 [AsyncHttpClient-1-5] DEBUG org.asynchttpclient.netty.handler.HttpHandler - 

Request DefaultHttpRequest(decodeResult: success, version: HTTP/1.1)
POST /session/c88e91565b302a9e9662cdeb5b72fbd0/execute/sync HTTP/1.1
User-Agent: selenium/4.1.2 (java windows)
Content-Length: 48780
Content-Type: application/json; charset=utf-8
host: localhost:62714
accept: */*

Response DefaultHttpResponse(decodeResult: success, version: HTTP/1.1)
HTTP/1.1 200 OK
Content-Type: application/json; charset=utf-8
cache-control: no-cache
content-length: 14

13:35:09.882 [AsyncHttpClient-1-5] DEBUG org.asynchttpclient.netty.channel.ChannelManager - Adding key: http://localhost:62714 for channel [id: 0xfc08f901, L:/127.0.0.1:53139 - R:localhost/127.0.0.1:62714]
  &amp#27;[32mThen &amp#27;[0m&amp#27;[32mI will get message result &amp#27;[0m&amp#27;[32m&amp#27;[1m"success"&amp#27;[0m            &amp#27;[90m# starter.stepdefinitions.TiketPesawatStep.iWillGetMessageResult(java.lang.String)&amp#27;[0m
13:35:09.890 [Forwarding screenshot on session c88e91565b302a9e9662cdeb5b72fbd0 to remote] DEBUG org.asynchttpclient.netty.request.NettyRequestSender - Using pooled Channel '[id: 0xfc08f901, L:/127.0.0.1:53139 - R:localhost/127.0.0.1:62714]' for 'GET' to 'http://localhost:62714/session/c88e91565b302a9e9662cdeb5b72fbd0/screenshot'
13:35:09.891 [Forwarding screenshot on session c88e91565b302a9e9662cdeb5b72fbd0 to remote] DEBUG org.asynchttpclient.netty.request.NettyRequestSender - Using open Channel [id: 0xfc08f901, L:/127.0.0.1:53139 - R:localhost/127.0.0.1:62714] for GET '/session/c88e91565b302a9e9662cdeb5b72fbd0/screenshot'
13:35:10.082 [AsyncHttpClient-1-5] DEBUG org.asynchttpclient.netty.handler.HttpHandler - 

Request DefaultFullHttpRequest(decodeResult: success, version: HTTP/1.1, content: EmptyByteBufBE)
GET /session/c88e91565b302a9e9662cdeb5b72fbd0/screenshot HTTP/1.1
User-Agent: selenium/4.1.2 (java windows)
Cache-Control: no-cache
Content-Type: application/json; charset=utf-8
host: localhost:62714
accept: */*

Response DefaultHttpResponse(decodeResult: success, version: HTTP/1.1)
HTTP/1.1 200 OK
Content-Type: application/json; charset=utf-8
cache-control: no-cache
content-length: 271640

13:35:10.083 [AsyncHttpClient-1-5] DEBUG org.asynchttpclient.netty.channel.ChannelManager - Adding key: http://localhost:62714 for channel [id: 0xfc08f901, L:/127.0.0.1:53139 - R:localhost/127.0.0.1:62714]
13:35:10.098 [main] DEBUG net.serenitybdd.core.photography.Darkroom - Send negative for processing for target\site\serenity\d3f307946627a8f961167330b44614433fb0b07f368f5b53ed087ba7dcef6be2.png
13:35:10.098 [Darkroom Processing Line] DEBUG net.serenitybdd.core.photography.DarkroomProcessingLine - Processing screenshot image in /var/screenshots/screenshot-8257425271444708421
13:35:10.099 [Darkroom Processing Line] DEBUG net.serenitybdd.core.photography.DarkroomProcessingLine - Saving screenshot to target\site\serenity\d3f307946627a8f961167330b44614433fb0b07f368f5b53ed087ba7dcef6be2.png
13:35:10.109 [AsyncHttpClient-1-7] DEBUG org.asynchttpclient.netty.handler.WebSocketHandler - Channel Closed: [id: 0xcdf4e968, L:/127.0.0.1:53147 ! R:localhost/127.0.0.1:53140] with attribute NettyResponseFuture{currentRetry=5,
	isDone=1,
	isCancelled=0,
	asyncHandler=org.asynchttpclient.ws.WebSocketUpgradeHandler@74571099,
	nettyRequest=org.asynchttpclient.netty.request.NettyRequest@31559077,
	future=java.util.concurrent.CompletableFuture@34a0d587[Completed normally],
	uri=ws://localhost:53140/devtools/browser/d3c0659f-3a51-4d63-87f9-368166d87150,
	keepAlive=true,
	redirectCount=0,
	timeoutsHolder=null,
	inAuth=0,
	touch=1669962906008}
13:35:10.109 [AsyncHttpClient-1-7] DEBUG org.asynchttpclient.netty.channel.ChannelManager - Closing Channel [id: 0xcdf4e968, L:/127.0.0.1:53147 ! R:localhost/127.0.0.1:53140] 
13:35:10.110 [Driver Command Executor] DEBUG org.asynchttpclient.netty.request.NettyRequestSender - Using pooled Channel '[id: 0xfc08f901, L:/127.0.0.1:53139 - R:localhost/127.0.0.1:62714]' for 'DELETE' to 'http://localhost:62714/session/c88e91565b302a9e9662cdeb5b72fbd0'
13:35:10.110 [Driver Command Executor] DEBUG org.asynchttpclient.netty.request.NettyRequestSender - Using open Channel [id: 0xfc08f901, L:/127.0.0.1:53139 - R:localhost/127.0.0.1:62714] for DELETE '/session/c88e91565b302a9e9662cdeb5b72fbd0'
13:35:10.147 [AsyncHttpClient-1-1] DEBUG org.asynchttpclient.netty.channel.DefaultChannelPool - Entry count for : http://localhost:53140 : 1
13:35:10.169 [AsyncHttpClient-1-6] DEBUG org.asynchttpclient.netty.handler.HttpHandler - Unexpected I/O exception on channel [id: 0xc5905fe0, L:/127.0.0.1:53146 - R:localhost/127.0.0.1:53140]
java.net.SocketException: Connection reset
	at java.base/sun.nio.ch.SocketChannelImpl.throwConnectionReset(SocketChannelImpl.java:345)
	at java.base/sun.nio.ch.SocketChannelImpl.read(SocketChannelImpl.java:376)
	at io.netty.buffer.PooledByteBuf.setBytes(PooledByteBuf.java:258)
	at io.netty.buffer.AbstractByteBuf.writeBytes(AbstractByteBuf.java:1132)
	at io.netty.channel.socket.nio.NioSocketChannel.doReadBytes(NioSocketChannel.java:350)
	at io.netty.channel.nio.AbstractNioByteChannel$NioByteUnsafe.read(AbstractNioByteChannel.java:151)
	at io.netty.channel.nio.NioEventLoop.processSelectedKey(NioEventLoop.java:722)
	at io.netty.channel.nio.NioEventLoop.processSelectedKeysOptimized(NioEventLoop.java:658)
	at io.netty.channel.nio.NioEventLoop.processSelectedKeys(NioEventLoop.java:584)
	at io.netty.channel.nio.NioEventLoop.run(NioEventLoop.java:496)
	at io.netty.util.concurrent.SingleThreadEventExecutor$4.run(SingleThreadEventExecutor.java:986)
	at io.netty.util.internal.ThreadExecutorMap$2.run(ThreadExecutorMap.java:74)
	at io.netty.util.concurrent.FastThreadLocalRunnable.run(FastThreadLocalRunnable.java:30)
	at java.base/java.lang.Thread.run(Thread.java:830)
13:35:10.169 [AsyncHttpClient-1-6] DEBUG org.asynchttpclient.netty.channel.ChannelManager - Closing Channel [id: 0xc5905fe0, L:/127.0.0.1:53146 - R:localhost/127.0.0.1:53140] 
13:35:10.169 [AsyncHttpClient-1-6] DEBUG org.asynchttpclient.netty.handler.HttpHandler - Channel Closed: [id: 0xc5905fe0, L:/127.0.0.1:53146 ! R:localhost/127.0.0.1:53140] with attribute DISCARD
13:35:10.197 [AsyncHttpClient-1-5] DEBUG org.asynchttpclient.netty.handler.HttpHandler - 

Request DefaultFullHttpRequest(decodeResult: success, version: HTTP/1.1, content: EmptyByteBufBE)
DELETE /session/c88e91565b302a9e9662cdeb5b72fbd0 HTTP/1.1
User-Agent: selenium/4.1.2 (java windows)
Content-Type: application/json; charset=utf-8
host: localhost:62714
accept: */*

Response DefaultHttpResponse(decodeResult: success, version: HTTP/1.1)
HTTP/1.1 200 OK
Content-Type: application/json; charset=utf-8
cache-control: no-cache
content-length: 14

13:35:10.197 [AsyncHttpClient-1-5] DEBUG org.asynchttpclient.netty.channel.ChannelManager - Adding key: http://localhost:62714 for channel [id: 0xfc08f901, L:/127.0.0.1:53139 - R:localhost/127.0.0.1:62714]
13:35:10.353 [AsyncHttpClient-1-5] DEBUG org.asynchttpclient.netty.handler.HttpHandler - Channel Closed: [id: 0xfc08f901, L:/127.0.0.1:53139 ! R:localhost/127.0.0.1:62714] with attribute DISCARD
13:35:10.974 [main] INFO  - 
  _____   ___   ___   _____     ___     _     ___   ___   ___   ___  
 |_   _| | __| / __| |_   _|   | _ \   /_\   / __| / __| | __| |   \ 
   | |   | _|  \__ \   | |     |  _/  / _ \  \__ \ \__ \ | _|  | |) |
   |_|   |___| |___/   |_|     |_|   /_/ \_\ |___/ |___/ |___| |___/ 

tiket pesawat with jumlah penumpang
----------------------------------------------------------------------
]]></system-out>
    <system-err><![CDATA[Starting ChromeDriver 107.0.5304.62 (1eec40d3a5764881c92085aaee66d25075c159aa-refs/branch-heads/5304@{#942}) on port 62714
Only local connections are allowed.
Please see https://chromedriver.chromium.org/security-considerations for suggestions on keeping ChromeDriver safe.
ChromeDriver was started successfully.
Des 02, 2022 1:35:05 PM org.openqa.selenium.remote.ProtocolHandshake createSession
INFO: Detected dialect: W3C
Des 02, 2022 1:35:06 PM org.openqa.selenium.devtools.CdpVersionFinder findNearestMatch
WARNING: Unable to find an exact match for CDP version 107, so returning the closest version found: a no-op implementation
Des 02, 2022 1:35:06 PM org.openqa.selenium.devtools.CdpVersionFinder findNearestMatch
INFO: Unable to find CDP implementation matching 107.
Des 02, 2022 1:35:06 PM org.openqa.selenium.chromium.ChromiumDriver lambda$new$3
WARNING: Unable to find version of CDP to use for . You may need to include a dependency on a specific version of the CDP using something similar to `org.seleniumhq.selenium:selenium-devtools-v86:4.1.2` where the version ("v86") matches the version of the chromium-based browser you're using and the version number of the artifact is the same as Selenium's.
]]></system-err>
  </testcase>
</testsuite>